2019-09-06 08:37:29 +0000  Initial pipeline context: <IDEDistributionProcessingPipelineContext: 0x7f904550d540; archive(resolved)='<IDEArchive: 0x7f9053744c10>', distributionTask(resolved)='2', distributionDestination(resolved)='1', distributionMethod(resolved)='<IDEDistributionMethodiOSEnterprise: 0x7f9047e9f7b0>', team(resolved)='<IDEProvisioningDisambiguatableBasicTeam: 0x7f904fb964f0; teamID='C9B53S5RY8', teamName='Comviva Technologies Limited', teamType='Enterprise', username='osamakhn54@gmail.com', isFreeProvisioningTeam='0'>'>
	Chain (12, self inclusive):
	<IDEDistributionProcessingPipelineContext: 0x7f904550d540; archive = '<IDEArchive: 0x7f9053744c10>', distributionMethod='<IDEDistributionMethodiOSEnterprise: 0x7f9047e9f7b0>', team='<IDEProvisioningDisambiguatableBasicTeam: 0x7f904fb964f0; teamID='C9B53S5RY8', teamName='Comviva Technologies Limited', teamType='Enterprise', username='osamakhn54@gmail.com', isFreeProvisioningTeam='0'>'>
	<IDEDistributionProcessingPipelineContext: 0x7f903ea396e0; archive = '<IDEArchive: 0x7f9053744c10>', distributionMethod='<IDEDistributionMethodiOSEnterprise: 0x7f9047e9f7b0>', team='<IDEProvisioningDisambiguatableBasicTeam: 0x7f904fb964f0; teamID='C9B53S5RY8', teamName='Comviva Technologies Limited', teamType='Enterprise', username='osamakhn54@gmail.com', isFreeProvisioningTeam='0'>'>
	<IDEDistributionContext: 0x7f903a7c3380; archive = '<IDEArchive: 0x7f9053744c10>', distributionMethod='<IDEDistributionMethodiOSEnterprise: 0x7f9047e9f7b0>', team='<IDEProvisioningDisambiguatableBasicTeam: 0x7f904fb964f0; teamID='C9B53S5RY8', teamName='Comviva Technologies Limited', teamType='Enterprise', username='osamakhn54@gmail.com', isFreeProvisioningTeam='0'>'>
	<IDEDistributionContext: 0x7f9047884280; archive = '<IDEArchive: 0x7f9053744c10>', distributionMethod='<IDEDistributionMethodiOSEnterprise: 0x7f9047e9f7b0>', team='<IDEProvisioningDisambiguatableBasicTeam: 0x7f904fb964f0; teamID='C9B53S5RY8', teamName='Comviva Technologies Limited', teamType='Enterprise', username='osamakhn54@gmail.com', isFreeProvisioningTeam='0'>'>
	<IDEDistributionContext: 0x7f903a21a5e0; archive = '<IDEArchive: 0x7f9053744c10>', distributionMethod='<IDEDistributionMethodiOSEnterprise: 0x7f9047e9f7b0>', team='<IDEProvisioningDisambiguatableBasicTeam: 0x7f904fb964f0; teamID='C9B53S5RY8', teamName='Comviva Technologies Limited', teamType='Enterprise', username='osamakhn54@gmail.com', isFreeProvisioningTeam='0'>'>
	<IDEDistributionContext: 0x7f9047890d00; archive = '<IDEArchive: 0x7f9053744c10>', distributionMethod='<IDEDistributionMethodiOSEnterprise: 0x7f9047e9f7b0>', team='<IDEProvisioningDisambiguatableBasicTeam: 0x7f904fb964f0; teamID='C9B53S5RY8', teamName='Comviva Technologies Limited', teamType='Enterprise', username='osamakhn54@gmail.com', isFreeProvisioningTeam='0'>'>
	<IDEDistributionContext: 0x7f904559e320; archive = '<IDEArchive: 0x7f9053744c10>', distributionMethod='<IDEDistributionMethodiOSEnterprise: 0x7f9047e9f7b0>', team='<IDEProvisioningDisambiguatableBasicTeam: 0x7f904fb964f0; teamID='C9B53S5RY8', teamName='Comviva Technologies Limited', teamType='Enterprise', username='osamakhn54@gmail.com', isFreeProvisioningTeam='0'>'>
	<IDEDistributionContext: 0x7f90434021b0; archive = '<IDEArchive: 0x7f9053744c10>', distributionMethod='<IDEDistributionMethodiOSEnterprise: 0x7f9047e9f7b0>', team='<IDEProvisioningDisambiguatableBasicTeam: 0x7f904fb964f0; teamID='C9B53S5RY8', teamName='Comviva Technologies Limited', teamType='Enterprise', username='osamakhn54@gmail.com', isFreeProvisioningTeam='0'>'>
	<IDEDistributionContext: 0x7f903b5eefe0; archive = '<IDEArchive: 0x7f9053744c10>', distributionMethod='<IDEDistributionMethodiOSEnterprise: 0x7f9047e9f7b0>', team='<IDEProvisioningDisambiguatableBasicTeam: 0x7f904fb964f0; teamID='C9B53S5RY8', teamName='Comviva Technologies Limited', teamType='Enterprise', username='osamakhn54@gmail.com', isFreeProvisioningTeam='0'>'>
	<IDEDistributionContext: 0x7f903b580f20; archive = '<IDEArchive: 0x7f9053744c10>', distributionMethod='<IDEDistributionMethodiOSEnterprise: 0x7f9047e9f7b0>', team='(null)'>
	<IDEDistributionContext: 0x7f903e65cae0; archive = '<IDEArchive: 0x7f9053744c10>', distributionMethod='<IDEDistributionMethodiOSEnterprise: 0x7f9047e9f7b0>', team='(null)'>
	<IDEDistributionContext: 0x7f903e6a5b50; archive = '<IDEArchive: 0x7f9053744c10>', distributionMethod='(null)', team='(null)'>
</IDEDistributionProcessingPipelineContext: 0x7f904550d540>
2019-09-06 08:37:29 +0000  Processing step: IDEDistributionCreateDestRootStep
2019-09-06 08:37:29 +0000  Processing step: IDEDistributionCopyItemStep
2019-09-06 08:37:29 +0000  Running /usr/bin/ditto '-V' '/Users/comviva/Library/Developer/Xcode/Archives/2019-09-06/QRScan 06-09-19, 2.07 PM.xcarchive/Products/Applications/QRScan.app' '/var/folders/mr/k3vqt33j08g3tj6ns0382c540000gn/T/XcodeDistPipeline.Ign/Root/Payload/QRScan.app'
2019-09-06 08:37:29 +0000  >>> Copying /Users/comviva/Library/Developer/Xcode/Archives/2019-09-06/QRScan 06-09-19, 2.07 PM.xcarchive/Products/Applications/QRScan.app 
2019-09-06 08:37:29 +0000  
2019-09-06 08:37:29 +0000  copying file ./_CodeSignature/CodeResources ... 
2019-09-06 08:37:29 +0000  10245 bytes for ./_CodeSignature/CodeResources
2019-09-06 08:37:29 +0000  copying file ./OTPViewController.nib/objects-11.0+.nib ... 
2019-09-06 08:37:29 +0000  3052 bytes for ./OTPViewController.nib/objects-11.0+.nib
2019-09-06 08:37:29 +0000  copying file ./OTPViewController.nib/runtime.nib ... 
2019-09-06 08:37:29 +0000  2381 bytes for ./OTPViewController.nib/runtime.nib
2019-09-06 08:37:29 +0000  copying file ./Base.lproj/Main.storyboardc/UIViewController-BYZ-38-t0r.nib ... 
2019-09-06 08:37:29 +0000  977 bytes for ./Base.lproj/Main.storyboardc/UIViewController-BYZ-38-t0r.nib
2019-09-06 08:37:29 +0000  copying file ./Base.lproj/Main.storyboardc/BYZ-38-t0r-view-8bC-Xf-vdC.nib ... 
2019-09-06 08:37:29 +0000  5313 bytes for ./Base.lproj/Main.storyboardc/BYZ-38-t0r-view-8bC-Xf-vdC.nib
2019-09-06 08:37:29 +0000  copying file ./Base.lproj/Main.storyboardc/Info.plist ... 
2019-09-06 08:37:29 +0000  258 bytes for ./Base.lproj/Main.storyboardc/Info.plist
2019-09-06 08:37:29 +0000  copying file ./Base.lproj/LaunchScreen.storyboardc/01J-lp-oVM-view-Ze5-6b-2t3.nib ... 
2019-09-06 08:37:29 +0000  3423 bytes for ./Base.lproj/LaunchScreen.storyboardc/01J-lp-oVM-view-Ze5-6b-2t3.nib
2019-09-06 08:37:29 +0000  copying file ./Base.lproj/LaunchScreen.storyboardc/UIViewController-01J-lp-oVM.nib ... 
2019-09-06 08:37:29 +0000  832 bytes for ./Base.lproj/LaunchScreen.storyboardc/UIViewController-01J-lp-oVM.nib
copying file ./Base.lproj/LaunchScreen.storyboardc/Info.plist ... 
2019-09-06 08:37:29 +0000  258 bytes for ./Base.lproj/LaunchScreen.storyboardc/Info.plist
2019-09-06 08:37:29 +0000  copying file ./QRScan ... 
2019-09-06 08:37:29 +0000  697344 bytes for ./QRScan
2019-09-06 08:37:29 +0000  copying file ./Frameworks/libswiftCoreImage.dylib ... 
2019-09-06 08:37:29 +0000  464000 bytes for ./Frameworks/libswiftCoreImage.dylib
2019-09-06 08:37:29 +0000  copying file ./Frameworks/libswiftObjectiveC.dylib ... 
2019-09-06 08:37:29 +0000  676720 bytes for ./Frameworks/libswiftObjectiveC.dylib
2019-09-06 08:37:29 +0000  copying file ./Frameworks/libswiftCore.dylib ... 
2019-09-06 08:37:29 +0000  98312976 bytes for ./Frameworks/libswiftCore.dylib
2019-09-06 08:37:29 +0000  copying file ./Frameworks/libswiftCoreGraphics.dylib ... 
2019-09-06 08:37:29 +0000  2342512 bytes for ./Frameworks/libswiftCoreGraphics.dylib
copying file ./Frameworks/libswiftUIKit.dylib ... 
2019-09-06 08:37:29 +0000  1987568 bytes for ./Frameworks/libswiftUIKit.dylib
2019-09-06 08:37:29 +0000  copying file ./Frameworks/libswiftMetal.dylib ... 
2019-09-06 08:37:30 +0000  722048 bytes for ./Frameworks/libswiftMetal.dylib
2019-09-06 08:37:30 +0000  copying file ./Frameworks/libswiftDispatch.dylib ... 
2019-09-06 08:37:30 +0000  4229072 bytes for ./Frameworks/libswiftDispatch.dylib
2019-09-06 08:37:30 +0000  copying file ./Frameworks/libswiftos.dylib ... 
874304 bytes for ./Frameworks/libswiftos.dylib
copying file ./Frameworks/libswiftCoreFoundation.dylib ... 
2019-09-06 08:37:30 +0000  398000 bytes for ./Frameworks/libswiftCoreFoundation.dylib
copying file ./Frameworks/libswiftDarwin.dylib ... 
2019-09-06 08:37:30 +0000  1091888 bytes for ./Frameworks/libswiftDarwin.dylib
2019-09-06 08:37:30 +0000  copying file ./Frameworks/libswiftQuartzCore.dylib ... 
2019-09-06 08:37:30 +0000  468000 bytes for ./Frameworks/libswiftQuartzCore.dylib
2019-09-06 08:37:30 +0000  copying file ./Frameworks/libswiftCoreAudio.dylib ... 
2019-09-06 08:37:30 +0000  1004944 bytes for ./Frameworks/libswiftCoreAudio.dylib
2019-09-06 08:37:30 +0000  copying file ./Frameworks/libswiftAVFoundation.dylib ... 
2019-09-06 08:37:30 +0000  2101856 bytes for ./Frameworks/libswiftAVFoundation.dylib
2019-09-06 08:37:30 +0000  copying file ./Frameworks/libswiftFoundation.dylib ... 
2019-09-06 08:37:30 +0000  42507584 bytes for ./Frameworks/libswiftFoundation.dylib
2019-09-06 08:37:30 +0000  copying file ./Frameworks/libswiftCoreMedia.dylib ... 
742896 bytes for ./Frameworks/libswiftCoreMedia.dylib
copying file ./Frameworks/libswiftsimd.dylib ... 
2019-09-06 08:37:30 +0000  7864720 bytes for ./Frameworks/libswiftsimd.dylib
2019-09-06 08:37:30 +0000  /usr/bin/ditto exited with 0
2019-09-06 08:37:30 +0000  Processing step: IDEDistributionEmbedProfileStep
2019-09-06 08:37:30 +0000  Skipping profile for item: <IDEDistributionItem: 0x7f903eb3c550 'com.apple.dt.runtime.swiftAVFoundation' '<DVTFilePath:0x7f90475da850:'/Users/comviva/Library/Developer/Xcode/Archives/2019-09-06/QRScan 06-09-19, 2.07 PM.xcarchive/Products/Applications/QRScan.app/Frameworks/libswiftAVFoundation.dylib'>'>
2019-09-06 08:37:30 +0000  Skipping profile for item: <IDEDistributionItem: 0x7f903ad78b70 'com.apple.dt.runtime.swiftCore' '<DVTFilePath:0x7f90476379e0:'/Users/comviva/Library/Developer/Xcode/Archives/2019-09-06/QRScan 06-09-19, 2.07 PM.xcarchive/Products/Applications/QRScan.app/Frameworks/libswiftCore.dylib'>'>
2019-09-06 08:37:30 +0000  Skipping profile for item: <IDEDistributionItem: 0x7f903e6dcaa0 'com.apple.dt.runtime.swiftCoreAudio' '<DVTFilePath:0x7f9047d305d0:'/Users/comviva/Library/Developer/Xcode/Archives/2019-09-06/QRScan 06-09-19, 2.07 PM.xcarchive/Products/Applications/QRScan.app/Frameworks/libswiftCoreAudio.dylib'>'>
2019-09-06 08:37:30 +0000  Skipping profile for item: <IDEDistributionItem: 0x7f903a04a060 'com.apple.dt.runtime.swiftCoreFoundation' '<DVTFilePath:0x7f903c7c7780:'/Users/comviva/Library/Developer/Xcode/Archives/2019-09-06/QRScan 06-09-19, 2.07 PM.xcarchive/Products/Applications/QRScan.app/Frameworks/libswiftCoreFoundation.dylib'>'>
2019-09-06 08:37:30 +0000  Skipping profile for item: <IDEDistributionItem: 0x7f9047f90eb0 'com.apple.dt.runtime.swiftCoreGraphics' '<DVTFilePath:0x7f903b5d2880:'/Users/comviva/Library/Developer/Xcode/Archives/2019-09-06/QRScan 06-09-19, 2.07 PM.xcarchive/Products/Applications/QRScan.app/Frameworks/libswiftCoreGraphics.dylib'>'>
2019-09-06 08:37:30 +0000  Skipping profile for item: <IDEDistributionItem: 0x7f903e686290 'com.apple.dt.runtime.swiftCoreImage' '<DVTFilePath:0x7f903a8b40d0:'/Users/comviva/Library/Developer/Xcode/Archives/2019-09-06/QRScan 06-09-19, 2.07 PM.xcarchive/Products/Applications/QRScan.app/Frameworks/libswiftCoreImage.dylib'>'>
2019-09-06 08:37:30 +0000  Skipping profile for item: <IDEDistributionItem: 0x7f9038e6f840 'com.apple.dt.runtime.swiftCoreMedia' '<DVTFilePath:0x7f9047d91fb0:'/Users/comviva/Library/Developer/Xcode/Archives/2019-09-06/QRScan 06-09-19, 2.07 PM.xcarchive/Products/Applications/QRScan.app/Frameworks/libswiftCoreMedia.dylib'>'>
2019-09-06 08:37:30 +0000  Skipping profile for item: <IDEDistributionItem: 0x7f903e621d00 'com.apple.dt.runtime.swiftDarwin' '<DVTFilePath:0x7f903b5a5a50:'/Users/comviva/Library/Developer/Xcode/Archives/2019-09-06/QRScan 06-09-19, 2.07 PM.xcarchive/Products/Applications/QRScan.app/Frameworks/libswiftDarwin.dylib'>'>
2019-09-06 08:37:30 +0000  Skipping profile for item: <IDEDistributionItem: 0x7f9047f0abd0 'com.apple.dt.runtime.swiftDispatch' '<DVTFilePath:0x7f903a25be40:'/Users/comviva/Library/Developer/Xcode/Archives/2019-09-06/QRScan 06-09-19, 2.07 PM.xcarchive/Products/Applications/QRScan.app/Frameworks/libswiftDispatch.dylib'>'>
2019-09-06 08:37:30 +0000  Skipping profile for item: <IDEDistributionItem: 0x7f90475f7430 'com.apple.dt.runtime.swiftFoundation' '<DVTFilePath:0x7f903c7c71c0:'/Users/comviva/Library/Developer/Xcode/Archives/2019-09-06/QRScan 06-09-19, 2.07 PM.xcarchive/Products/Applications/QRScan.app/Frameworks/libswiftFoundation.dylib'>'>
2019-09-06 08:37:30 +0000  Skipping profile for item: <IDEDistributionItem: 0x7f903e676e00 'com.apple.dt.runtime.swiftMetal' '<DVTFilePath:0x7f903a2e6a90:'/Users/comviva/Library/Developer/Xcode/Archives/2019-09-06/QRScan 06-09-19, 2.07 PM.xcarchive/Products/Applications/QRScan.app/Frameworks/libswiftMetal.dylib'>'>
2019-09-06 08:37:30 +0000  Skipping profile for item: <IDEDistributionItem: 0x7f904880d2d0 'com.apple.dt.runtime.swiftObjectiveC' '<DVTFilePath:0x7f903a2352c0:'/Users/comviva/Library/Developer/Xcode/Archives/2019-09-06/QRScan 06-09-19, 2.07 PM.xcarchive/Products/Applications/QRScan.app/Frameworks/libswiftObjectiveC.dylib'>'>
2019-09-06 08:37:30 +0000  Skipping profile for item: <IDEDistributionItem: 0x7f903e67fcd0 'com.apple.dt.runtime.swiftQuartzCore' '<DVTFilePath:0x7f903b58fc80:'/Users/comviva/Library/Developer/Xcode/Archives/2019-09-06/QRScan 06-09-19, 2.07 PM.xcarchive/Products/Applications/QRScan.app/Frameworks/libswiftQuartzCore.dylib'>'>
2019-09-06 08:37:30 +0000  Skipping profile for item: <IDEDistributionItem: 0x7f903bce61c0 'com.apple.dt.runtime.swiftUIKit' '<DVTFilePath:0x7f903a2ee0c0:'/Users/comviva/Library/Developer/Xcode/Archives/2019-09-06/QRScan 06-09-19, 2.07 PM.xcarchive/Products/Applications/QRScan.app/Frameworks/libswiftUIKit.dylib'>'>
2019-09-06 08:37:30 +0000  Skipping profile for item: <IDEDistributionItem: 0x7f903ea2a8d0 'com.apple.dt.runtime.swiftos' '<DVTFilePath:0x7f903a2e6150:'/Users/comviva/Library/Developer/Xcode/Archives/2019-09-06/QRScan 06-09-19, 2.07 PM.xcarchive/Products/Applications/QRScan.app/Frameworks/libswiftos.dylib'>'>
2019-09-06 08:37:30 +0000  Skipping profile for item: <IDEDistributionItem: 0x7f9054ff55c0 'com.apple.dt.runtime.swiftsimd' '<DVTFilePath:0x7f9047d6c250:'/Users/comviva/Library/Developer/Xcode/Archives/2019-09-06/QRScan 06-09-19, 2.07 PM.xcarchive/Products/Applications/QRScan.app/Frameworks/libswiftsimd.dylib'>'>
2019-09-06 08:37:30 +0000  Processing step: IDEDistributionAppThinningPlistStep
2019-09-06 08:37:30 +0000  Skipping step: IDEDistributionAppThinningPlistStep because it said so
2019-09-06 08:37:30 +0000  Processing step: IDEDistributionCompileBitcodeStep
2019-09-06 08:37:30 +0000  Skipping step: IDEDistributionCompileBitcodeStep because it said so
2019-09-06 08:37:30 +0000  Processing step: IDEDistributionCodeSlimmingStep
2019-09-06 08:37:30 +0000  Processing step: IDEDistributionCopyBCSymbolMapsStep
2019-09-06 08:37:30 +0000  Skipping step: IDEDistributionCopyBCSymbolMapsStep because it said so
2019-09-06 08:37:30 +0000  Skipping step: IDEDistributionCopyBCSymbolMapsStep because it said so
2019-09-06 08:37:30 +0000  Skipping step: IDEDistributionCopyBCSymbolMapsStep because it said so
2019-09-06 08:37:30 +0000  Skipping step: IDEDistributionCopyBCSymbolMapsStep because it said so
2019-09-06 08:37:30 +0000  Skipping step: IDEDistributionCopyBCSymbolMapsStep because it said so
2019-09-06 08:37:30 +0000  Skipping step: IDEDistributionCopyBCSymbolMapsStep because it said so
2019-09-06 08:37:30 +0000  Skipping step: IDEDistributionCopyBCSymbolMapsStep because it said so
2019-09-06 08:37:30 +0000  Skipping step: IDEDistributionCopyBCSymbolMapsStep because it said so
2019-09-06 08:37:30 +0000  Skipping step: IDEDistributionCopyBCSymbolMapsStep because it said so
2019-09-06 08:37:30 +0000  Skipping step: IDEDistributionCopyBCSymbolMapsStep because it said so
2019-09-06 08:37:30 +0000  Skipping step: IDEDistributionCopyBCSymbolMapsStep because it said so
2019-09-06 08:37:30 +0000  Skipping step: IDEDistributionCopyBCSymbolMapsStep because it said so
2019-09-06 08:37:30 +0000  Skipping step: IDEDistributionCopyBCSymbolMapsStep because it said so
2019-09-06 08:37:30 +0000  Skipping step: IDEDistributionCopyBCSymbolMapsStep because it said so
2019-09-06 08:37:30 +0000  Skipping step: IDEDistributionCopyBCSymbolMapsStep because it said so
2019-09-06 08:37:30 +0000  Skipping step: IDEDistributionCopyBCSymbolMapsStep because it said so
2019-09-06 08:37:30 +0000  Skipping step: IDEDistributionCopyBCSymbolMapsStep because it said so
2019-09-06 08:37:30 +0000  Processing step: IDEDistributionSymbolsStep
2019-09-06 08:37:30 +0000  Skipping step: IDEDistributionSymbolsStep because it said so
2019-09-06 08:37:30 +0000  Skipping step: IDEDistributionSymbolsStep because it said so
2019-09-06 08:37:30 +0000  Skipping step: IDEDistributionSymbolsStep because it said so
2019-09-06 08:37:30 +0000  Skipping step: IDEDistributionSymbolsStep because it said so
2019-09-06 08:37:30 +0000  Skipping step: IDEDistributionSymbolsStep because it said so
2019-09-06 08:37:30 +0000  Skipping step: IDEDistributionSymbolsStep because it said so
2019-09-06 08:37:30 +0000  Skipping step: IDEDistributionSymbolsStep because it said so
2019-09-06 08:37:30 +0000  Skipping step: IDEDistributionSymbolsStep because it said so
2019-09-06 08:37:30 +0000  Skipping step: IDEDistributionSymbolsStep because it said so
2019-09-06 08:37:30 +0000  Skipping step: IDEDistributionSymbolsStep because it said so
2019-09-06 08:37:30 +0000  Skipping step: IDEDistributionSymbolsStep because it said so
2019-09-06 08:37:30 +0000  Skipping step: IDEDistributionSymbolsStep because it said so
2019-09-06 08:37:30 +0000  Skipping step: IDEDistributionSymbolsStep because it said so
2019-09-06 08:37:30 +0000  Skipping step: IDEDistributionSymbolsStep because it said so
2019-09-06 08:37:30 +0000  Skipping step: IDEDistributionSymbolsStep because it said so
2019-09-06 08:37:30 +0000  Skipping step: IDEDistributionSymbolsStep because it said so
2019-09-06 08:37:30 +0000  Skipping step: IDEDistributionSymbolsStep because it said so
2019-09-06 08:37:30 +0000  Processing step: IDEDistributionAppThinningStep
2019-09-06 08:37:30 +0000  Skipping step: IDEDistributionAppThinningStep because it said so
2019-09-06 08:37:30 +0000  Processing step: IDEDistributionArchThinningStep
2019-09-06 08:37:30 +0000  Running /Applications/Xcode.app/Contents/Developer/Toolchains/XcodeDefault.xctoolchain/usr/bin/lipo '/var/folders/mr/k3vqt33j08g3tj6ns0382c540000gn/T/XcodeDistPipeline.Ign/Root/Payload/QRScan.app/Frameworks/libswiftAVFoundation.dylib' '-verify_arch' 'arm64e'
2019-09-06 08:37:30 +0000  /Applications/Xcode.app/Contents/Developer/Toolchains/XcodeDefault.xctoolchain/usr/bin/lipo exited with 0
2019-09-06 08:37:30 +0000  Running /Applications/Xcode.app/Contents/Developer/Toolchains/XcodeDefault.xctoolchain/usr/bin/lipo '/var/folders/mr/k3vqt33j08g3tj6ns0382c540000gn/T/XcodeDistPipeline.Ign/Root/Payload/QRScan.app/Frameworks/libswiftAVFoundation.dylib' '-remove' 'arm64e' '-output' '/var/folders/mr/k3vqt33j08g3tj6ns0382c540000gn/T/XcodeDistPipeline.Ign/Root/Payload/QRScan.app/Frameworks/libswiftAVFoundation.dylib'
2019-09-06 08:37:30 +0000  /Applications/Xcode.app/Contents/Developer/Toolchains/XcodeDefault.xctoolchain/usr/bin/lipo exited with 0
2019-09-06 08:37:30 +0000  Successfully thinned item "libswiftAVFoundation.dylib", arch "arm64e"
2019-09-06 08:37:30 +0000  Running /Applications/Xcode.app/Contents/Developer/Toolchains/XcodeDefault.xctoolchain/usr/bin/lipo '/var/folders/mr/k3vqt33j08g3tj6ns0382c540000gn/T/XcodeDistPipeline.Ign/Root/Payload/QRScan.app/Frameworks/libswiftCore.dylib' '-verify_arch' 'arm64e'
2019-09-06 08:37:30 +0000  /Applications/Xcode.app/Contents/Developer/Toolchains/XcodeDefault.xctoolchain/usr/bin/lipo exited with 0
2019-09-06 08:37:30 +0000  Running /Applications/Xcode.app/Contents/Developer/Toolchains/XcodeDefault.xctoolchain/usr/bin/lipo '/var/folders/mr/k3vqt33j08g3tj6ns0382c540000gn/T/XcodeDistPipeline.Ign/Root/Payload/QRScan.app/Frameworks/libswiftCore.dylib' '-remove' 'arm64e' '-output' '/var/folders/mr/k3vqt33j08g3tj6ns0382c540000gn/T/XcodeDistPipeline.Ign/Root/Payload/QRScan.app/Frameworks/libswiftCore.dylib'
2019-09-06 08:37:30 +0000  /Applications/Xcode.app/Contents/Developer/Toolchains/XcodeDefault.xctoolchain/usr/bin/lipo exited with 0
2019-09-06 08:37:30 +0000  Successfully thinned item "libswiftCore.dylib", arch "arm64e"
2019-09-06 08:37:30 +0000  Running /Applications/Xcode.app/Contents/Developer/Toolchains/XcodeDefault.xctoolchain/usr/bin/lipo '/var/folders/mr/k3vqt33j08g3tj6ns0382c540000gn/T/XcodeDistPipeline.Ign/Root/Payload/QRScan.app/Frameworks/libswiftCoreAudio.dylib' '-verify_arch' 'arm64e'
2019-09-06 08:37:30 +0000  /Applications/Xcode.app/Contents/Developer/Toolchains/XcodeDefault.xctoolchain/usr/bin/lipo exited with 0
2019-09-06 08:37:30 +0000  Running /Applications/Xcode.app/Contents/Developer/Toolchains/XcodeDefault.xctoolchain/usr/bin/lipo '/var/folders/mr/k3vqt33j08g3tj6ns0382c540000gn/T/XcodeDistPipeline.Ign/Root/Payload/QRScan.app/Frameworks/libswiftCoreAudio.dylib' '-remove' 'arm64e' '-output' '/var/folders/mr/k3vqt33j08g3tj6ns0382c540000gn/T/XcodeDistPipeline.Ign/Root/Payload/QRScan.app/Frameworks/libswiftCoreAudio.dylib'
2019-09-06 08:37:30 +0000  /Applications/Xcode.app/Contents/Developer/Toolchains/XcodeDefault.xctoolchain/usr/bin/lipo exited with 0
2019-09-06 08:37:30 +0000  Successfully thinned item "libswiftCoreAudio.dylib", arch "arm64e"
2019-09-06 08:37:30 +0000  Running /Applications/Xcode.app/Contents/Developer/Toolchains/XcodeDefault.xctoolchain/usr/bin/lipo '/var/folders/mr/k3vqt33j08g3tj6ns0382c540000gn/T/XcodeDistPipeline.Ign/Root/Payload/QRScan.app/Frameworks/libswiftCoreFoundation.dylib' '-verify_arch' 'arm64e'
2019-09-06 08:37:30 +0000  /Applications/Xcode.app/Contents/Developer/Toolchains/XcodeDefault.xctoolchain/usr/bin/lipo exited with 0
2019-09-06 08:37:30 +0000  Running /Applications/Xcode.app/Contents/Developer/Toolchains/XcodeDefault.xctoolchain/usr/bin/lipo '/var/folders/mr/k3vqt33j08g3tj6ns0382c540000gn/T/XcodeDistPipeline.Ign/Root/Payload/QRScan.app/Frameworks/libswiftCoreFoundation.dylib' '-remove' 'arm64e' '-output' '/var/folders/mr/k3vqt33j08g3tj6ns0382c540000gn/T/XcodeDistPipeline.Ign/Root/Payload/QRScan.app/Frameworks/libswiftCoreFoundation.dylib'
2019-09-06 08:37:30 +0000  /Applications/Xcode.app/Contents/Developer/Toolchains/XcodeDefault.xctoolchain/usr/bin/lipo exited with 0
2019-09-06 08:37:30 +0000  Successfully thinned item "libswiftCoreFoundation.dylib", arch "arm64e"
2019-09-06 08:37:30 +0000  Running /Applications/Xcode.app/Contents/Developer/Toolchains/XcodeDefault.xctoolchain/usr/bin/lipo '/var/folders/mr/k3vqt33j08g3tj6ns0382c540000gn/T/XcodeDistPipeline.Ign/Root/Payload/QRScan.app/Frameworks/libswiftCoreGraphics.dylib' '-verify_arch' 'arm64e'
2019-09-06 08:37:30 +0000  /Applications/Xcode.app/Contents/Developer/Toolchains/XcodeDefault.xctoolchain/usr/bin/lipo exited with 0
2019-09-06 08:37:30 +0000  Running /Applications/Xcode.app/Contents/Developer/Toolchains/XcodeDefault.xctoolchain/usr/bin/lipo '/var/folders/mr/k3vqt33j08g3tj6ns0382c540000gn/T/XcodeDistPipeline.Ign/Root/Payload/QRScan.app/Frameworks/libswiftCoreGraphics.dylib' '-remove' 'arm64e' '-output' '/var/folders/mr/k3vqt33j08g3tj6ns0382c540000gn/T/XcodeDistPipeline.Ign/Root/Payload/QRScan.app/Frameworks/libswiftCoreGraphics.dylib'
2019-09-06 08:37:30 +0000  /Applications/Xcode.app/Contents/Developer/Toolchains/XcodeDefault.xctoolchain/usr/bin/lipo exited with 0
2019-09-06 08:37:30 +0000  Successfully thinned item "libswiftCoreGraphics.dylib", arch "arm64e"
2019-09-06 08:37:30 +0000  Running /Applications/Xcode.app/Contents/Developer/Toolchains/XcodeDefault.xctoolchain/usr/bin/lipo '/var/folders/mr/k3vqt33j08g3tj6ns0382c540000gn/T/XcodeDistPipeline.Ign/Root/Payload/QRScan.app/Frameworks/libswiftCoreImage.dylib' '-verify_arch' 'arm64e'
2019-09-06 08:37:30 +0000  /Applications/Xcode.app/Contents/Developer/Toolchains/XcodeDefault.xctoolchain/usr/bin/lipo exited with 0
2019-09-06 08:37:30 +0000  Running /Applications/Xcode.app/Contents/Developer/Toolchains/XcodeDefault.xctoolchain/usr/bin/lipo '/var/folders/mr/k3vqt33j08g3tj6ns0382c540000gn/T/XcodeDistPipeline.Ign/Root/Payload/QRScan.app/Frameworks/libswiftCoreImage.dylib' '-remove' 'arm64e' '-output' '/var/folders/mr/k3vqt33j08g3tj6ns0382c540000gn/T/XcodeDistPipeline.Ign/Root/Payload/QRScan.app/Frameworks/libswiftCoreImage.dylib'
2019-09-06 08:37:30 +0000  /Applications/Xcode.app/Contents/Developer/Toolchains/XcodeDefault.xctoolchain/usr/bin/lipo exited with 0
2019-09-06 08:37:30 +0000  Successfully thinned item "libswiftCoreImage.dylib", arch "arm64e"
2019-09-06 08:37:30 +0000  Running /Applications/Xcode.app/Contents/Developer/Toolchains/XcodeDefault.xctoolchain/usr/bin/lipo '/var/folders/mr/k3vqt33j08g3tj6ns0382c540000gn/T/XcodeDistPipeline.Ign/Root/Payload/QRScan.app/Frameworks/libswiftCoreMedia.dylib' '-verify_arch' 'arm64e'
2019-09-06 08:37:30 +0000  /Applications/Xcode.app/Contents/Developer/Toolchains/XcodeDefault.xctoolchain/usr/bin/lipo exited with 0
2019-09-06 08:37:30 +0000  Running /Applications/Xcode.app/Contents/Developer/Toolchains/XcodeDefault.xctoolchain/usr/bin/lipo '/var/folders/mr/k3vqt33j08g3tj6ns0382c540000gn/T/XcodeDistPipeline.Ign/Root/Payload/QRScan.app/Frameworks/libswiftCoreMedia.dylib' '-remove' 'arm64e' '-output' '/var/folders/mr/k3vqt33j08g3tj6ns0382c540000gn/T/XcodeDistPipeline.Ign/Root/Payload/QRScan.app/Frameworks/libswiftCoreMedia.dylib'
2019-09-06 08:37:30 +0000  /Applications/Xcode.app/Contents/Developer/Toolchains/XcodeDefault.xctoolchain/usr/bin/lipo exited with 0
2019-09-06 08:37:30 +0000  Successfully thinned item "libswiftCoreMedia.dylib", arch "arm64e"
2019-09-06 08:37:30 +0000  Running /Applications/Xcode.app/Contents/Developer/Toolchains/XcodeDefault.xctoolchain/usr/bin/lipo '/var/folders/mr/k3vqt33j08g3tj6ns0382c540000gn/T/XcodeDistPipeline.Ign/Root/Payload/QRScan.app/Frameworks/libswiftDarwin.dylib' '-verify_arch' 'arm64e'
2019-09-06 08:37:30 +0000  /Applications/Xcode.app/Contents/Developer/Toolchains/XcodeDefault.xctoolchain/usr/bin/lipo exited with 0
2019-09-06 08:37:30 +0000  Running /Applications/Xcode.app/Contents/Developer/Toolchains/XcodeDefault.xctoolchain/usr/bin/lipo '/var/folders/mr/k3vqt33j08g3tj6ns0382c540000gn/T/XcodeDistPipeline.Ign/Root/Payload/QRScan.app/Frameworks/libswiftDarwin.dylib' '-remove' 'arm64e' '-output' '/var/folders/mr/k3vqt33j08g3tj6ns0382c540000gn/T/XcodeDistPipeline.Ign/Root/Payload/QRScan.app/Frameworks/libswiftDarwin.dylib'
2019-09-06 08:37:30 +0000  /Applications/Xcode.app/Contents/Developer/Toolchains/XcodeDefault.xctoolchain/usr/bin/lipo exited with 0
2019-09-06 08:37:30 +0000  Successfully thinned item "libswiftDarwin.dylib", arch "arm64e"
2019-09-06 08:37:30 +0000  Running /Applications/Xcode.app/Contents/Developer/Toolchains/XcodeDefault.xctoolchain/usr/bin/lipo '/var/folders/mr/k3vqt33j08g3tj6ns0382c540000gn/T/XcodeDistPipeline.Ign/Root/Payload/QRScan.app/Frameworks/libswiftDispatch.dylib' '-verify_arch' 'arm64e'
2019-09-06 08:37:30 +0000  /Applications/Xcode.app/Contents/Developer/Toolchains/XcodeDefault.xctoolchain/usr/bin/lipo exited with 0
2019-09-06 08:37:30 +0000  Running /Applications/Xcode.app/Contents/Developer/Toolchains/XcodeDefault.xctoolchain/usr/bin/lipo '/var/folders/mr/k3vqt33j08g3tj6ns0382c540000gn/T/XcodeDistPipeline.Ign/Root/Payload/QRScan.app/Frameworks/libswiftDispatch.dylib' '-remove' 'arm64e' '-output' '/var/folders/mr/k3vqt33j08g3tj6ns0382c540000gn/T/XcodeDistPipeline.Ign/Root/Payload/QRScan.app/Frameworks/libswiftDispatch.dylib'
2019-09-06 08:37:30 +0000  /Applications/Xcode.app/Contents/Developer/Toolchains/XcodeDefault.xctoolchain/usr/bin/lipo exited with 0
2019-09-06 08:37:30 +0000  Successfully thinned item "libswiftDispatch.dylib", arch "arm64e"
2019-09-06 08:37:30 +0000  Running /Applications/Xcode.app/Contents/Developer/Toolchains/XcodeDefault.xctoolchain/usr/bin/lipo '/var/folders/mr/k3vqt33j08g3tj6ns0382c540000gn/T/XcodeDistPipeline.Ign/Root/Payload/QRScan.app/Frameworks/libswiftFoundation.dylib' '-verify_arch' 'arm64e'
2019-09-06 08:37:30 +0000  /Applications/Xcode.app/Contents/Developer/Toolchains/XcodeDefault.xctoolchain/usr/bin/lipo exited with 0
2019-09-06 08:37:30 +0000  Running /Applications/Xcode.app/Contents/Developer/Toolchains/XcodeDefault.xctoolchain/usr/bin/lipo '/var/folders/mr/k3vqt33j08g3tj6ns0382c540000gn/T/XcodeDistPipeline.Ign/Root/Payload/QRScan.app/Frameworks/libswiftFoundation.dylib' '-remove' 'arm64e' '-output' '/var/folders/mr/k3vqt33j08g3tj6ns0382c540000gn/T/XcodeDistPipeline.Ign/Root/Payload/QRScan.app/Frameworks/libswiftFoundation.dylib'
2019-09-06 08:37:30 +0000  /Applications/Xcode.app/Contents/Developer/Toolchains/XcodeDefault.xctoolchain/usr/bin/lipo exited with 0
2019-09-06 08:37:30 +0000  Successfully thinned item "libswiftFoundation.dylib", arch "arm64e"
2019-09-06 08:37:30 +0000  Running /Applications/Xcode.app/Contents/Developer/Toolchains/XcodeDefault.xctoolchain/usr/bin/lipo '/var/folders/mr/k3vqt33j08g3tj6ns0382c540000gn/T/XcodeDistPipeline.Ign/Root/Payload/QRScan.app/Frameworks/libswiftMetal.dylib' '-verify_arch' 'arm64e'
2019-09-06 08:37:30 +0000  /Applications/Xcode.app/Contents/Developer/Toolchains/XcodeDefault.xctoolchain/usr/bin/lipo exited with 0
2019-09-06 08:37:30 +0000  Running /Applications/Xcode.app/Contents/Developer/Toolchains/XcodeDefault.xctoolchain/usr/bin/lipo '/var/folders/mr/k3vqt33j08g3tj6ns0382c540000gn/T/XcodeDistPipeline.Ign/Root/Payload/QRScan.app/Frameworks/libswiftMetal.dylib' '-remove' 'arm64e' '-output' '/var/folders/mr/k3vqt33j08g3tj6ns0382c540000gn/T/XcodeDistPipeline.Ign/Root/Payload/QRScan.app/Frameworks/libswiftMetal.dylib'
2019-09-06 08:37:30 +0000  /Applications/Xcode.app/Contents/Developer/Toolchains/XcodeDefault.xctoolchain/usr/bin/lipo exited with 0
2019-09-06 08:37:30 +0000  Successfully thinned item "libswiftMetal.dylib", arch "arm64e"
2019-09-06 08:37:30 +0000  Running /Applications/Xcode.app/Contents/Developer/Toolchains/XcodeDefault.xctoolchain/usr/bin/lipo '/var/folders/mr/k3vqt33j08g3tj6ns0382c540000gn/T/XcodeDistPipeline.Ign/Root/Payload/QRScan.app/Frameworks/libswiftObjectiveC.dylib' '-verify_arch' 'arm64e'
2019-09-06 08:37:30 +0000  /Applications/Xcode.app/Contents/Developer/Toolchains/XcodeDefault.xctoolchain/usr/bin/lipo exited with 0
2019-09-06 08:37:30 +0000  Running /Applications/Xcode.app/Contents/Developer/Toolchains/XcodeDefault.xctoolchain/usr/bin/lipo '/var/folders/mr/k3vqt33j08g3tj6ns0382c540000gn/T/XcodeDistPipeline.Ign/Root/Payload/QRScan.app/Frameworks/libswiftObjectiveC.dylib' '-remove' 'arm64e' '-output' '/var/folders/mr/k3vqt33j08g3tj6ns0382c540000gn/T/XcodeDistPipeline.Ign/Root/Payload/QRScan.app/Frameworks/libswiftObjectiveC.dylib'
2019-09-06 08:37:30 +0000  /Applications/Xcode.app/Contents/Developer/Toolchains/XcodeDefault.xctoolchain/usr/bin/lipo exited with 0
2019-09-06 08:37:30 +0000  Successfully thinned item "libswiftObjectiveC.dylib", arch "arm64e"
2019-09-06 08:37:30 +0000  Running /Applications/Xcode.app/Contents/Developer/Toolchains/XcodeDefault.xctoolchain/usr/bin/lipo '/var/folders/mr/k3vqt33j08g3tj6ns0382c540000gn/T/XcodeDistPipeline.Ign/Root/Payload/QRScan.app/Frameworks/libswiftQuartzCore.dylib' '-verify_arch' 'arm64e'
2019-09-06 08:37:30 +0000  /Applications/Xcode.app/Contents/Developer/Toolchains/XcodeDefault.xctoolchain/usr/bin/lipo exited with 0
2019-09-06 08:37:30 +0000  Running /Applications/Xcode.app/Contents/Developer/Toolchains/XcodeDefault.xctoolchain/usr/bin/lipo '/var/folders/mr/k3vqt33j08g3tj6ns0382c540000gn/T/XcodeDistPipeline.Ign/Root/Payload/QRScan.app/Frameworks/libswiftQuartzCore.dylib' '-remove' 'arm64e' '-output' '/var/folders/mr/k3vqt33j08g3tj6ns0382c540000gn/T/XcodeDistPipeline.Ign/Root/Payload/QRScan.app/Frameworks/libswiftQuartzCore.dylib'
2019-09-06 08:37:30 +0000  /Applications/Xcode.app/Contents/Developer/Toolchains/XcodeDefault.xctoolchain/usr/bin/lipo exited with 0
2019-09-06 08:37:30 +0000  Successfully thinned item "libswiftQuartzCore.dylib", arch "arm64e"
2019-09-06 08:37:30 +0000  Running /Applications/Xcode.app/Contents/Developer/Toolchains/XcodeDefault.xctoolchain/usr/bin/lipo '/var/folders/mr/k3vqt33j08g3tj6ns0382c540000gn/T/XcodeDistPipeline.Ign/Root/Payload/QRScan.app/Frameworks/libswiftUIKit.dylib' '-verify_arch' 'arm64e'
2019-09-06 08:37:30 +0000  /Applications/Xcode.app/Contents/Developer/Toolchains/XcodeDefault.xctoolchain/usr/bin/lipo exited with 0
2019-09-06 08:37:30 +0000  Running /Applications/Xcode.app/Contents/Developer/Toolchains/XcodeDefault.xctoolchain/usr/bin/lipo '/var/folders/mr/k3vqt33j08g3tj6ns0382c540000gn/T/XcodeDistPipeline.Ign/Root/Payload/QRScan.app/Frameworks/libswiftUIKit.dylib' '-remove' 'arm64e' '-output' '/var/folders/mr/k3vqt33j08g3tj6ns0382c540000gn/T/XcodeDistPipeline.Ign/Root/Payload/QRScan.app/Frameworks/libswiftUIKit.dylib'
2019-09-06 08:37:30 +0000  /Applications/Xcode.app/Contents/Developer/Toolchains/XcodeDefault.xctoolchain/usr/bin/lipo exited with 0
2019-09-06 08:37:30 +0000  Successfully thinned item "libswiftUIKit.dylib", arch "arm64e"
2019-09-06 08:37:30 +0000  Running /Applications/Xcode.app/Contents/Developer/Toolchains/XcodeDefault.xctoolchain/usr/bin/lipo '/var/folders/mr/k3vqt33j08g3tj6ns0382c540000gn/T/XcodeDistPipeline.Ign/Root/Payload/QRScan.app/Frameworks/libswiftos.dylib' '-verify_arch' 'arm64e'
2019-09-06 08:37:30 +0000  /Applications/Xcode.app/Contents/Developer/Toolchains/XcodeDefault.xctoolchain/usr/bin/lipo exited with 0
2019-09-06 08:37:30 +0000  Running /Applications/Xcode.app/Contents/Developer/Toolchains/XcodeDefault.xctoolchain/usr/bin/lipo '/var/folders/mr/k3vqt33j08g3tj6ns0382c540000gn/T/XcodeDistPipeline.Ign/Root/Payload/QRScan.app/Frameworks/libswiftos.dylib' '-remove' 'arm64e' '-output' '/var/folders/mr/k3vqt33j08g3tj6ns0382c540000gn/T/XcodeDistPipeline.Ign/Root/Payload/QRScan.app/Frameworks/libswiftos.dylib'
2019-09-06 08:37:30 +0000  /Applications/Xcode.app/Contents/Developer/Toolchains/XcodeDefault.xctoolchain/usr/bin/lipo exited with 0
2019-09-06 08:37:30 +0000  Successfully thinned item "libswiftos.dylib", arch "arm64e"
2019-09-06 08:37:30 +0000  Running /Applications/Xcode.app/Contents/Developer/Toolchains/XcodeDefault.xctoolchain/usr/bin/lipo '/var/folders/mr/k3vqt33j08g3tj6ns0382c540000gn/T/XcodeDistPipeline.Ign/Root/Payload/QRScan.app/Frameworks/libswiftsimd.dylib' '-verify_arch' 'arm64e'
2019-09-06 08:37:30 +0000  /Applications/Xcode.app/Contents/Developer/Toolchains/XcodeDefault.xctoolchain/usr/bin/lipo exited with 0
2019-09-06 08:37:30 +0000  Running /Applications/Xcode.app/Contents/Developer/Toolchains/XcodeDefault.xctoolchain/usr/bin/lipo '/var/folders/mr/k3vqt33j08g3tj6ns0382c540000gn/T/XcodeDistPipeline.Ign/Root/Payload/QRScan.app/Frameworks/libswiftsimd.dylib' '-remove' 'arm64e' '-output' '/var/folders/mr/k3vqt33j08g3tj6ns0382c540000gn/T/XcodeDistPipeline.Ign/Root/Payload/QRScan.app/Frameworks/libswiftsimd.dylib'
2019-09-06 08:37:30 +0000  /Applications/Xcode.app/Contents/Developer/Toolchains/XcodeDefault.xctoolchain/usr/bin/lipo exited with 0
2019-09-06 08:37:30 +0000  Successfully thinned item "libswiftsimd.dylib", arch "arm64e"
2019-09-06 08:37:30 +0000  Running /Applications/Xcode.app/Contents/Developer/Toolchains/XcodeDefault.xctoolchain/usr/bin/lipo '/var/folders/mr/k3vqt33j08g3tj6ns0382c540000gn/T/XcodeDistPipeline.Ign/Root/Payload/QRScan.app/QRScan' '-verify_arch' 'arm64e'
2019-09-06 08:37:30 +0000  /Applications/Xcode.app/Contents/Developer/Toolchains/XcodeDefault.xctoolchain/usr/bin/lipo exited with 1
2019-09-06 08:37:30 +0000  Skipping architecture thinning for item "QRScan" because arch "arm64e" wasn't found
2019-09-06 08:37:30 +0000  Processing step: IDEDistributionODRStep
2019-09-06 08:37:30 +0000  Processing step: IDEDistributionStripXattrsStep
2019-09-06 08:37:30 +0000  Skipping stripping extended attributes of item: <IDEDistributionItem: 0x7f903eb3c550 'com.apple.dt.runtime.swiftAVFoundation' '<DVTFilePath:0x7f90475da850:'/Users/comviva/Library/Developer/Xcode/Archives/2019-09-06/QRScan 06-09-19, 2.07 PM.xcarchive/Products/Applications/QRScan.app/Frameworks/libswiftAVFoundation.dylib'>'>
2019-09-06 08:37:30 +0000  Skipping stripping extended attributes of item: <IDEDistributionItem: 0x7f903ad78b70 'com.apple.dt.runtime.swiftCore' '<DVTFilePath:0x7f90476379e0:'/Users/comviva/Library/Developer/Xcode/Archives/2019-09-06/QRScan 06-09-19, 2.07 PM.xcarchive/Products/Applications/QRScan.app/Frameworks/libswiftCore.dylib'>'>
2019-09-06 08:37:30 +0000  Skipping stripping extended attributes of item: <IDEDistributionItem: 0x7f903e6dcaa0 'com.apple.dt.runtime.swiftCoreAudio' '<DVTFilePath:0x7f9047d305d0:'/Users/comviva/Library/Developer/Xcode/Archives/2019-09-06/QRScan 06-09-19, 2.07 PM.xcarchive/Products/Applications/QRScan.app/Frameworks/libswiftCoreAudio.dylib'>'>
2019-09-06 08:37:30 +0000  Skipping stripping extended attributes of item: <IDEDistributionItem: 0x7f903a04a060 'com.apple.dt.runtime.swiftCoreFoundation' '<DVTFilePath:0x7f903c7c7780:'/Users/comviva/Library/Developer/Xcode/Archives/2019-09-06/QRScan 06-09-19, 2.07 PM.xcarchive/Products/Applications/QRScan.app/Frameworks/libswiftCoreFoundation.dylib'>'>
2019-09-06 08:37:30 +0000  Skipping stripping extended attributes of item: <IDEDistributionItem: 0x7f9047f90eb0 'com.apple.dt.runtime.swiftCoreGraphics' '<DVTFilePath:0x7f903b5d2880:'/Users/comviva/Library/Developer/Xcode/Archives/2019-09-06/QRScan 06-09-19, 2.07 PM.xcarchive/Products/Applications/QRScan.app/Frameworks/libswiftCoreGraphics.dylib'>'>
2019-09-06 08:37:30 +0000  Skipping stripping extended attributes of item: <IDEDistributionItem: 0x7f903e686290 'com.apple.dt.runtime.swiftCoreImage' '<DVTFilePath:0x7f903a8b40d0:'/Users/comviva/Library/Developer/Xcode/Archives/2019-09-06/QRScan 06-09-19, 2.07 PM.xcarchive/Products/Applications/QRScan.app/Frameworks/libswiftCoreImage.dylib'>'>
2019-09-06 08:37:30 +0000  Skipping stripping extended attributes of item: <IDEDistributionItem: 0x7f9038e6f840 'com.apple.dt.runtime.swiftCoreMedia' '<DVTFilePath:0x7f9047d91fb0:'/Users/comviva/Library/Developer/Xcode/Archives/2019-09-06/QRScan 06-09-19, 2.07 PM.xcarchive/Products/Applications/QRScan.app/Frameworks/libswiftCoreMedia.dylib'>'>
2019-09-06 08:37:30 +0000  Skipping stripping extended attributes of item: <IDEDistributionItem: 0x7f903e621d00 'com.apple.dt.runtime.swiftDarwin' '<DVTFilePath:0x7f903b5a5a50:'/Users/comviva/Library/Developer/Xcode/Archives/2019-09-06/QRScan 06-09-19, 2.07 PM.xcarchive/Products/Applications/QRScan.app/Frameworks/libswiftDarwin.dylib'>'>
2019-09-06 08:37:30 +0000  Skipping stripping extended attributes of item: <IDEDistributionItem: 0x7f9047f0abd0 'com.apple.dt.runtime.swiftDispatch' '<DVTFilePath:0x7f903a25be40:'/Users/comviva/Library/Developer/Xcode/Archives/2019-09-06/QRScan 06-09-19, 2.07 PM.xcarchive/Products/Applications/QRScan.app/Frameworks/libswiftDispatch.dylib'>'>
2019-09-06 08:37:30 +0000  Skipping stripping extended attributes of item: <IDEDistributionItem: 0x7f90475f7430 'com.apple.dt.runtime.swiftFoundation' '<DVTFilePath:0x7f903c7c71c0:'/Users/comviva/Library/Developer/Xcode/Archives/2019-09-06/QRScan 06-09-19, 2.07 PM.xcarchive/Products/Applications/QRScan.app/Frameworks/libswiftFoundation.dylib'>'>
2019-09-06 08:37:30 +0000  Skipping stripping extended attributes of item: <IDEDistributionItem: 0x7f903e676e00 'com.apple.dt.runtime.swiftMetal' '<DVTFilePath:0x7f903a2e6a90:'/Users/comviva/Library/Developer/Xcode/Archives/2019-09-06/QRScan 06-09-19, 2.07 PM.xcarchive/Products/Applications/QRScan.app/Frameworks/libswiftMetal.dylib'>'>
2019-09-06 08:37:30 +0000  Skipping stripping extended attributes of item: <IDEDistributionItem: 0x7f904880d2d0 'com.apple.dt.runtime.swiftObjectiveC' '<DVTFilePath:0x7f903a2352c0:'/Users/comviva/Library/Developer/Xcode/Archives/2019-09-06/QRScan 06-09-19, 2.07 PM.xcarchive/Products/Applications/QRScan.app/Frameworks/libswiftObjectiveC.dylib'>'>
2019-09-06 08:37:30 +0000  Skipping stripping extended attributes of item: <IDEDistributionItem: 0x7f903e67fcd0 'com.apple.dt.runtime.swiftQuartzCore' '<DVTFilePath:0x7f903b58fc80:'/Users/comviva/Library/Developer/Xcode/Archives/2019-09-06/QRScan 06-09-19, 2.07 PM.xcarchive/Products/Applications/QRScan.app/Frameworks/libswiftQuartzCore.dylib'>'>
2019-09-06 08:37:30 +0000  Skipping stripping extended attributes of item: <IDEDistributionItem: 0x7f903bce61c0 'com.apple.dt.runtime.swiftUIKit' '<DVTFilePath:0x7f903a2ee0c0:'/Users/comviva/Library/Developer/Xcode/Archives/2019-09-06/QRScan 06-09-19, 2.07 PM.xcarchive/Products/Applications/QRScan.app/Frameworks/libswiftUIKit.dylib'>'>
2019-09-06 08:37:30 +0000  Skipping stripping extended attributes of item: <IDEDistributionItem: 0x7f903ea2a8d0 'com.apple.dt.runtime.swiftos' '<DVTFilePath:0x7f903a2e6150:'/Users/comviva/Library/Developer/Xcode/Archives/2019-09-06/QRScan 06-09-19, 2.07 PM.xcarchive/Products/Applications/QRScan.app/Frameworks/libswiftos.dylib'>'>
2019-09-06 08:37:30 +0000  Skipping stripping extended attributes of item: <IDEDistributionItem: 0x7f9054ff55c0 'com.apple.dt.runtime.swiftsimd' '<DVTFilePath:0x7f9047d6c250:'/Users/comviva/Library/Developer/Xcode/Archives/2019-09-06/QRScan 06-09-19, 2.07 PM.xcarchive/Products/Applications/QRScan.app/Frameworks/libswiftsimd.dylib'>'>
2019-09-06 08:37:30 +0000  Running /usr/bin/xattr '-crs' '/var/folders/mr/k3vqt33j08g3tj6ns0382c540000gn/T/XcodeDistPipeline.Ign/Root/Payload/QRScan.app'
2019-09-06 08:37:31 +0000  /usr/bin/xattr exited with 0
2019-09-06 08:37:31 +0000  Processing step: IDEDistributionCodesignStep
2019-09-06 08:37:31 +0000  Entitlements for <IDEDistributionItem: 0x7f903eb3c550 'com.apple.dt.runtime.swiftAVFoundation' '<DVTFilePath:0x7f90475da850:'/Users/comviva/Library/Developer/Xcode/Archives/2019-09-06/QRScan 06-09-19, 2.07 PM.xcarchive/Products/Applications/QRScan.app/Frameworks/libswiftAVFoundation.dylib'>'>: {
}
2019-09-06 08:37:31 +0000  Writing entitlements for <IDEDistributionItem: 0x7f903eb3c550 'com.apple.dt.runtime.swiftAVFoundation' '<DVTFilePath:0x7f90475da850:'/Users/comviva/Library/Developer/Xcode/Archives/2019-09-06/QRScan 06-09-19, 2.07 PM.xcarchive/Products/Applications/QRScan.app/Frameworks/libswiftAVFoundation.dylib'>'> to: /var/folders/mr/k3vqt33j08g3tj6ns0382c540000gn/T/XcodeDistPipeline.Ign/entitlementsZuLBgq
2019-09-06 08:37:31 +0000  Running /usr/bin/codesign '-vvv' '--force' '--sign' '97143B6C50A239DB0A4E7192297A3F28E5229044' '--entitlements' '/var/folders/mr/k3vqt33j08g3tj6ns0382c540000gn/T/XcodeDistPipeline.Ign/entitlementsZuLBgq' '--preserve-metadata=identifier,flags,runtime' '/var/folders/mr/k3vqt33j08g3tj6ns0382c540000gn/T/XcodeDistPipeline.Ign/Root/Payload/QRScan.app/Frameworks/libswiftAVFoundation.dylib'
2019-09-06 08:37:31 +0000  /var/folders/mr/k3vqt33j08g3tj6ns0382c540000gn/T/XcodeDistPipeline.Ign/Root/Payload/QRScan.app/Frameworks/libswiftAVFoundation.dylib: signed Mach-O universal (armv7 armv7s arm64) [com.apple.dt.runtime.swiftAVFoundation]
2019-09-06 08:37:31 +0000  /usr/bin/codesign exited with 0
2019-09-06 08:37:31 +0000  Entitlements for <IDEDistributionItem: 0x7f903ad78b70 'com.apple.dt.runtime.swiftCore' '<DVTFilePath:0x7f90476379e0:'/Users/comviva/Library/Developer/Xcode/Archives/2019-09-06/QRScan 06-09-19, 2.07 PM.xcarchive/Products/Applications/QRScan.app/Frameworks/libswiftCore.dylib'>'>: {
}
2019-09-06 08:37:31 +0000  Writing entitlements for <IDEDistributionItem: 0x7f903ad78b70 'com.apple.dt.runtime.swiftCore' '<DVTFilePath:0x7f90476379e0:'/Users/comviva/Library/Developer/Xcode/Archives/2019-09-06/QRScan 06-09-19, 2.07 PM.xcarchive/Products/Applications/QRScan.app/Frameworks/libswiftCore.dylib'>'> to: /var/folders/mr/k3vqt33j08g3tj6ns0382c540000gn/T/XcodeDistPipeline.Ign/entitlementse4qTWJ
2019-09-06 08:37:31 +0000  Running /usr/bin/codesign '-vvv' '--force' '--sign' '97143B6C50A239DB0A4E7192297A3F28E5229044' '--entitlements' '/var/folders/mr/k3vqt33j08g3tj6ns0382c540000gn/T/XcodeDistPipeline.Ign/entitlementse4qTWJ' '--preserve-metadata=identifier,flags,runtime' '/var/folders/mr/k3vqt33j08g3tj6ns0382c540000gn/T/XcodeDistPipeline.Ign/Root/Payload/QRScan.app/Frameworks/libswiftCore.dylib'
2019-09-06 08:37:31 +0000  /var/folders/mr/k3vqt33j08g3tj6ns0382c540000gn/T/XcodeDistPipeline.Ign/Root/Payload/QRScan.app/Frameworks/libswiftCore.dylib: signed Mach-O universal (armv7 armv7s arm64) [com.apple.dt.runtime.swiftCore]
2019-09-06 08:37:31 +0000  /usr/bin/codesign exited with 0
2019-09-06 08:37:31 +0000  Entitlements for <IDEDistributionItem: 0x7f903e6dcaa0 'com.apple.dt.runtime.swiftCoreAudio' '<DVTFilePath:0x7f9047d305d0:'/Users/comviva/Library/Developer/Xcode/Archives/2019-09-06/QRScan 06-09-19, 2.07 PM.xcarchive/Products/Applications/QRScan.app/Frameworks/libswiftCoreAudio.dylib'>'>: {
}
2019-09-06 08:37:31 +0000  Writing entitlements for <IDEDistributionItem: 0x7f903e6dcaa0 'com.apple.dt.runtime.swiftCoreAudio' '<DVTFilePath:0x7f9047d305d0:'/Users/comviva/Library/Developer/Xcode/Archives/2019-09-06/QRScan 06-09-19, 2.07 PM.xcarchive/Products/Applications/QRScan.app/Frameworks/libswiftCoreAudio.dylib'>'> to: /var/folders/mr/k3vqt33j08g3tj6ns0382c540000gn/T/XcodeDistPipeline.Ign/entitlementsHksXR3
2019-09-06 08:37:31 +0000  Running /usr/bin/codesign '-vvv' '--force' '--sign' '97143B6C50A239DB0A4E7192297A3F28E5229044' '--entitlements' '/var/folders/mr/k3vqt33j08g3tj6ns0382c540000gn/T/XcodeDistPipeline.Ign/entitlementsHksXR3' '--preserve-metadata=identifier,flags,runtime' '/var/folders/mr/k3vqt33j08g3tj6ns0382c540000gn/T/XcodeDistPipeline.Ign/Root/Payload/QRScan.app/Frameworks/libswiftCoreAudio.dylib'
2019-09-06 08:37:31 +0000  /var/folders/mr/k3vqt33j08g3tj6ns0382c540000gn/T/XcodeDistPipeline.Ign/Root/Payload/QRScan.app/Frameworks/libswiftCoreAudio.dylib: signed Mach-O universal (armv7 armv7s arm64) [com.apple.dt.runtime.swiftCoreAudio]
2019-09-06 08:37:31 +0000  /usr/bin/codesign exited with 0
2019-09-06 08:37:31 +0000  Entitlements for <IDEDistributionItem: 0x7f903a04a060 'com.apple.dt.runtime.swiftCoreFoundation' '<DVTFilePath:0x7f903c7c7780:'/Users/comviva/Library/Developer/Xcode/Archives/2019-09-06/QRScan 06-09-19, 2.07 PM.xcarchive/Products/Applications/QRScan.app/Frameworks/libswiftCoreFoundation.dylib'>'>: {
}
2019-09-06 08:37:31 +0000  Writing entitlements for <IDEDistributionItem: 0x7f903a04a060 'com.apple.dt.runtime.swiftCoreFoundation' '<DVTFilePath:0x7f903c7c7780:'/Users/comviva/Library/Developer/Xcode/Archives/2019-09-06/QRScan 06-09-19, 2.07 PM.xcarchive/Products/Applications/QRScan.app/Frameworks/libswiftCoreFoundation.dylib'>'> to: /var/folders/mr/k3vqt33j08g3tj6ns0382c540000gn/T/XcodeDistPipeline.Ign/entitlementsDZihVQ
2019-09-06 08:37:31 +0000  Running /usr/bin/codesign '-vvv' '--force' '--sign' '97143B6C50A239DB0A4E7192297A3F28E5229044' '--entitlements' '/var/folders/mr/k3vqt33j08g3tj6ns0382c540000gn/T/XcodeDistPipeline.Ign/entitlementsDZihVQ' '--preserve-metadata=identifier,flags,runtime' '/var/folders/mr/k3vqt33j08g3tj6ns0382c540000gn/T/XcodeDistPipeline.Ign/Root/Payload/QRScan.app/Frameworks/libswiftCoreFoundation.dylib'
2019-09-06 08:37:31 +0000  /var/folders/mr/k3vqt33j08g3tj6ns0382c540000gn/T/XcodeDistPipeline.Ign/Root/Payload/QRScan.app/Frameworks/libswiftCoreFoundation.dylib: signed Mach-O universal (armv7 armv7s arm64) [com.apple.dt.runtime.swiftCoreFoundation]
2019-09-06 08:37:31 +0000  
2019-09-06 08:37:31 +0000  /usr/bin/codesign exited with 0
2019-09-06 08:37:31 +0000  Entitlements for <IDEDistributionItem: 0x7f9047f90eb0 'com.apple.dt.runtime.swiftCoreGraphics' '<DVTFilePath:0x7f903b5d2880:'/Users/comviva/Library/Developer/Xcode/Archives/2019-09-06/QRScan 06-09-19, 2.07 PM.xcarchive/Products/Applications/QRScan.app/Frameworks/libswiftCoreGraphics.dylib'>'>: {
}
2019-09-06 08:37:31 +0000  Writing entitlements for <IDEDistributionItem: 0x7f9047f90eb0 'com.apple.dt.runtime.swiftCoreGraphics' '<DVTFilePath:0x7f903b5d2880:'/Users/comviva/Library/Developer/Xcode/Archives/2019-09-06/QRScan 06-09-19, 2.07 PM.xcarchive/Products/Applications/QRScan.app/Frameworks/libswiftCoreGraphics.dylib'>'> to: /var/folders/mr/k3vqt33j08g3tj6ns0382c540000gn/T/XcodeDistPipeline.Ign/entitlementslPL0ZP
2019-09-06 08:37:31 +0000  Running /usr/bin/codesign '-vvv' '--force' '--sign' '97143B6C50A239DB0A4E7192297A3F28E5229044' '--entitlements' '/var/folders/mr/k3vqt33j08g3tj6ns0382c540000gn/T/XcodeDistPipeline.Ign/entitlementslPL0ZP' '--preserve-metadata=identifier,flags,runtime' '/var/folders/mr/k3vqt33j08g3tj6ns0382c540000gn/T/XcodeDistPipeline.Ign/Root/Payload/QRScan.app/Frameworks/libswiftCoreGraphics.dylib'
2019-09-06 08:37:31 +0000  /var/folders/mr/k3vqt33j08g3tj6ns0382c540000gn/T/XcodeDistPipeline.Ign/Root/Payload/QRScan.app/Frameworks/libswiftCoreGraphics.dylib: signed Mach-O universal (armv7 armv7s arm64) [com.apple.dt.runtime.swiftCoreGraphics]
2019-09-06 08:37:31 +0000  /usr/bin/codesign exited with 0
2019-09-06 08:37:31 +0000  Entitlements for <IDEDistributionItem: 0x7f903e686290 'com.apple.dt.runtime.swiftCoreImage' '<DVTFilePath:0x7f903a8b40d0:'/Users/comviva/Library/Developer/Xcode/Archives/2019-09-06/QRScan 06-09-19, 2.07 PM.xcarchive/Products/Applications/QRScan.app/Frameworks/libswiftCoreImage.dylib'>'>: {
}
2019-09-06 08:37:31 +0000  Writing entitlements for <IDEDistributionItem: 0x7f903e686290 'com.apple.dt.runtime.swiftCoreImage' '<DVTFilePath:0x7f903a8b40d0:'/Users/comviva/Library/Developer/Xcode/Archives/2019-09-06/QRScan 06-09-19, 2.07 PM.xcarchive/Products/Applications/QRScan.app/Frameworks/libswiftCoreImage.dylib'>'> to: /var/folders/mr/k3vqt33j08g3tj6ns0382c540000gn/T/XcodeDistPipeline.Ign/entitlementsRmlUW0
2019-09-06 08:37:31 +0000  Running /usr/bin/codesign '-vvv' '--force' '--sign' '97143B6C50A239DB0A4E7192297A3F28E5229044' '--entitlements' '/var/folders/mr/k3vqt33j08g3tj6ns0382c540000gn/T/XcodeDistPipeline.Ign/entitlementsRmlUW0' '--preserve-metadata=identifier,flags,runtime' '/var/folders/mr/k3vqt33j08g3tj6ns0382c540000gn/T/XcodeDistPipeline.Ign/Root/Payload/QRScan.app/Frameworks/libswiftCoreImage.dylib'
2019-09-06 08:37:31 +0000  /var/folders/mr/k3vqt33j08g3tj6ns0382c540000gn/T/XcodeDistPipeline.Ign/Root/Payload/QRScan.app/Frameworks/libswiftCoreImage.dylib: signed Mach-O universal (armv7 armv7s arm64) [com.apple.dt.runtime.swiftCoreImage]
2019-09-06 08:37:31 +0000  /usr/bin/codesign exited with 0
2019-09-06 08:37:31 +0000  Entitlements for <IDEDistributionItem: 0x7f9038e6f840 'com.apple.dt.runtime.swiftCoreMedia' '<DVTFilePath:0x7f9047d91fb0:'/Users/comviva/Library/Developer/Xcode/Archives/2019-09-06/QRScan 06-09-19, 2.07 PM.xcarchive/Products/Applications/QRScan.app/Frameworks/libswiftCoreMedia.dylib'>'>: {
}
2019-09-06 08:37:31 +0000  Writing entitlements for <IDEDistributionItem: 0x7f9038e6f840 'com.apple.dt.runtime.swiftCoreMedia' '<DVTFilePath:0x7f9047d91fb0:'/Users/comviva/Library/Developer/Xcode/Archives/2019-09-06/QRScan 06-09-19, 2.07 PM.xcarchive/Products/Applications/QRScan.app/Frameworks/libswiftCoreMedia.dylib'>'> to: /var/folders/mr/k3vqt33j08g3tj6ns0382c540000gn/T/XcodeDistPipeline.Ign/entitlementskXSTZS
2019-09-06 08:37:31 +0000  Running /usr/bin/codesign '-vvv' '--force' '--sign' '97143B6C50A239DB0A4E7192297A3F28E5229044' '--entitlements' '/var/folders/mr/k3vqt33j08g3tj6ns0382c540000gn/T/XcodeDistPipeline.Ign/entitlementskXSTZS' '--preserve-metadata=identifier,flags,runtime' '/var/folders/mr/k3vqt33j08g3tj6ns0382c540000gn/T/XcodeDistPipeline.Ign/Root/Payload/QRScan.app/Frameworks/libswiftCoreMedia.dylib'
2019-09-06 08:37:31 +0000  /var/folders/mr/k3vqt33j08g3tj6ns0382c540000gn/T/XcodeDistPipeline.Ign/Root/Payload/QRScan.app/Frameworks/libswiftCoreMedia.dylib: signed Mach-O universal (armv7 armv7s arm64) [com.apple.dt.runtime.swiftCoreMedia]
2019-09-06 08:37:31 +0000  /usr/bin/codesign exited with 0
2019-09-06 08:37:31 +0000  Entitlements for <IDEDistributionItem: 0x7f903e621d00 'com.apple.dt.runtime.swiftDarwin' '<DVTFilePath:0x7f903b5a5a50:'/Users/comviva/Library/Developer/Xcode/Archives/2019-09-06/QRScan 06-09-19, 2.07 PM.xcarchive/Products/Applications/QRScan.app/Frameworks/libswiftDarwin.dylib'>'>: {
}
2019-09-06 08:37:31 +0000  Writing entitlements for <IDEDistributionItem: 0x7f903e621d00 'com.apple.dt.runtime.swiftDarwin' '<DVTFilePath:0x7f903b5a5a50:'/Users/comviva/Library/Developer/Xcode/Archives/2019-09-06/QRScan 06-09-19, 2.07 PM.xcarchive/Products/Applications/QRScan.app/Frameworks/libswiftDarwin.dylib'>'> to: /var/folders/mr/k3vqt33j08g3tj6ns0382c540000gn/T/XcodeDistPipeline.Ign/entitlements4ZwtwM
2019-09-06 08:37:31 +0000  Running /usr/bin/codesign '-vvv' '--force' '--sign' '97143B6C50A239DB0A4E7192297A3F28E5229044' '--entitlements' '/var/folders/mr/k3vqt33j08g3tj6ns0382c540000gn/T/XcodeDistPipeline.Ign/entitlements4ZwtwM' '--preserve-metadata=identifier,flags,runtime' '/var/folders/mr/k3vqt33j08g3tj6ns0382c540000gn/T/XcodeDistPipeline.Ign/Root/Payload/QRScan.app/Frameworks/libswiftDarwin.dylib'
2019-09-06 08:37:32 +0000  /var/folders/mr/k3vqt33j08g3tj6ns0382c540000gn/T/XcodeDistPipeline.Ign/Root/Payload/QRScan.app/Frameworks/libswiftDarwin.dylib: signed Mach-O universal (armv7 armv7s arm64) [com.apple.dt.runtime.swiftDarwin]
2019-09-06 08:37:32 +0000  /usr/bin/codesign exited with 0
2019-09-06 08:37:32 +0000  Entitlements for <IDEDistributionItem: 0x7f9047f0abd0 'com.apple.dt.runtime.swiftDispatch' '<DVTFilePath:0x7f903a25be40:'/Users/comviva/Library/Developer/Xcode/Archives/2019-09-06/QRScan 06-09-19, 2.07 PM.xcarchive/Products/Applications/QRScan.app/Frameworks/libswiftDispatch.dylib'>'>: {
}
2019-09-06 08:37:32 +0000  Writing entitlements for <IDEDistributionItem: 0x7f9047f0abd0 'com.apple.dt.runtime.swiftDispatch' '<DVTFilePath:0x7f903a25be40:'/Users/comviva/Library/Developer/Xcode/Archives/2019-09-06/QRScan 06-09-19, 2.07 PM.xcarchive/Products/Applications/QRScan.app/Frameworks/libswiftDispatch.dylib'>'> to: /var/folders/mr/k3vqt33j08g3tj6ns0382c540000gn/T/XcodeDistPipeline.Ign/entitlementsydSNOh
2019-09-06 08:37:32 +0000  Running /usr/bin/codesign '-vvv' '--force' '--sign' '97143B6C50A239DB0A4E7192297A3F28E5229044' '--entitlements' '/var/folders/mr/k3vqt33j08g3tj6ns0382c540000gn/T/XcodeDistPipeline.Ign/entitlementsydSNOh' '--preserve-metadata=identifier,flags,runtime' '/var/folders/mr/k3vqt33j08g3tj6ns0382c540000gn/T/XcodeDistPipeline.Ign/Root/Payload/QRScan.app/Frameworks/libswiftDispatch.dylib'
2019-09-06 08:37:32 +0000  /var/folders/mr/k3vqt33j08g3tj6ns0382c540000gn/T/XcodeDistPipeline.Ign/Root/Payload/QRScan.app/Frameworks/libswiftDispatch.dylib: signed Mach-O universal (armv7 armv7s arm64) [com.apple.dt.runtime.swiftDispatch]
2019-09-06 08:37:32 +0000  /usr/bin/codesign exited with 0
2019-09-06 08:37:32 +0000  Entitlements for <IDEDistributionItem: 0x7f90475f7430 'com.apple.dt.runtime.swiftFoundation' '<DVTFilePath:0x7f903c7c71c0:'/Users/comviva/Library/Developer/Xcode/Archives/2019-09-06/QRScan 06-09-19, 2.07 PM.xcarchive/Products/Applications/QRScan.app/Frameworks/libswiftFoundation.dylib'>'>: {
}
2019-09-06 08:37:32 +0000  Writing entitlements for <IDEDistributionItem: 0x7f90475f7430 'com.apple.dt.runtime.swiftFoundation' '<DVTFilePath:0x7f903c7c71c0:'/Users/comviva/Library/Developer/Xcode/Archives/2019-09-06/QRScan 06-09-19, 2.07 PM.xcarchive/Products/Applications/QRScan.app/Frameworks/libswiftFoundation.dylib'>'> to: /var/folders/mr/k3vqt33j08g3tj6ns0382c540000gn/T/XcodeDistPipeline.Ign/entitlementsLmV2OG
2019-09-06 08:37:32 +0000  Running /usr/bin/codesign '-vvv' '--force' '--sign' '97143B6C50A239DB0A4E7192297A3F28E5229044' '--entitlements' '/var/folders/mr/k3vqt33j08g3tj6ns0382c540000gn/T/XcodeDistPipeline.Ign/entitlementsLmV2OG' '--preserve-metadata=identifier,flags,runtime' '/var/folders/mr/k3vqt33j08g3tj6ns0382c540000gn/T/XcodeDistPipeline.Ign/Root/Payload/QRScan.app/Frameworks/libswiftFoundation.dylib'
2019-09-06 08:37:32 +0000  /var/folders/mr/k3vqt33j08g3tj6ns0382c540000gn/T/XcodeDistPipeline.Ign/Root/Payload/QRScan.app/Frameworks/libswiftFoundation.dylib: signed Mach-O universal (armv7 armv7s arm64) [com.apple.dt.runtime.swiftFoundation]
2019-09-06 08:37:32 +0000  /usr/bin/codesign exited with 0
2019-09-06 08:37:32 +0000  Entitlements for <IDEDistributionItem: 0x7f903e676e00 'com.apple.dt.runtime.swiftMetal' '<DVTFilePath:0x7f903a2e6a90:'/Users/comviva/Library/Developer/Xcode/Archives/2019-09-06/QRScan 06-09-19, 2.07 PM.xcarchive/Products/Applications/QRScan.app/Frameworks/libswiftMetal.dylib'>'>: {
}
2019-09-06 08:37:32 +0000  Writing entitlements for <IDEDistributionItem: 0x7f903e676e00 'com.apple.dt.runtime.swiftMetal' '<DVTFilePath:0x7f903a2e6a90:'/Users/comviva/Library/Developer/Xcode/Archives/2019-09-06/QRScan 06-09-19, 2.07 PM.xcarchive/Products/Applications/QRScan.app/Frameworks/libswiftMetal.dylib'>'> to: /var/folders/mr/k3vqt33j08g3tj6ns0382c540000gn/T/XcodeDistPipeline.Ign/entitlementsKje7Im
2019-09-06 08:37:32 +0000  Running /usr/bin/codesign '-vvv' '--force' '--sign' '97143B6C50A239DB0A4E7192297A3F28E5229044' '--entitlements' '/var/folders/mr/k3vqt33j08g3tj6ns0382c540000gn/T/XcodeDistPipeline.Ign/entitlementsKje7Im' '--preserve-metadata=identifier,flags,runtime' '/var/folders/mr/k3vqt33j08g3tj6ns0382c540000gn/T/XcodeDistPipeline.Ign/Root/Payload/QRScan.app/Frameworks/libswiftMetal.dylib'
2019-09-06 08:37:32 +0000  /var/folders/mr/k3vqt33j08g3tj6ns0382c540000gn/T/XcodeDistPipeline.Ign/Root/Payload/QRScan.app/Frameworks/libswiftMetal.dylib: signed Mach-O universal (armv7 armv7s arm64) [com.apple.dt.runtime.swiftMetal]
2019-09-06 08:37:32 +0000  /usr/bin/codesign exited with 0
2019-09-06 08:37:32 +0000  Entitlements for <IDEDistributionItem: 0x7f904880d2d0 'com.apple.dt.runtime.swiftObjectiveC' '<DVTFilePath:0x7f903a2352c0:'/Users/comviva/Library/Developer/Xcode/Archives/2019-09-06/QRScan 06-09-19, 2.07 PM.xcarchive/Products/Applications/QRScan.app/Frameworks/libswiftObjectiveC.dylib'>'>: {
}
2019-09-06 08:37:32 +0000  Writing entitlements for <IDEDistributionItem: 0x7f904880d2d0 'com.apple.dt.runtime.swiftObjectiveC' '<DVTFilePath:0x7f903a2352c0:'/Users/comviva/Library/Developer/Xcode/Archives/2019-09-06/QRScan 06-09-19, 2.07 PM.xcarchive/Products/Applications/QRScan.app/Frameworks/libswiftObjectiveC.dylib'>'> to: /var/folders/mr/k3vqt33j08g3tj6ns0382c540000gn/T/XcodeDistPipeline.Ign/entitlementsxIi0Q6
2019-09-06 08:37:32 +0000  Running /usr/bin/codesign '-vvv' '--force' '--sign' '97143B6C50A239DB0A4E7192297A3F28E5229044' '--entitlements' '/var/folders/mr/k3vqt33j08g3tj6ns0382c540000gn/T/XcodeDistPipeline.Ign/entitlementsxIi0Q6' '--preserve-metadata=identifier,flags,runtime' '/var/folders/mr/k3vqt33j08g3tj6ns0382c540000gn/T/XcodeDistPipeline.Ign/Root/Payload/QRScan.app/Frameworks/libswiftObjectiveC.dylib'
2019-09-06 08:37:32 +0000  /var/folders/mr/k3vqt33j08g3tj6ns0382c540000gn/T/XcodeDistPipeline.Ign/Root/Payload/QRScan.app/Frameworks/libswiftObjectiveC.dylib: signed Mach-O universal (armv7 armv7s arm64) [com.apple.dt.runtime.swiftObjectiveC]
2019-09-06 08:37:32 +0000  /usr/bin/codesign exited with 0
2019-09-06 08:37:32 +0000  Entitlements for <IDEDistributionItem: 0x7f903e67fcd0 'com.apple.dt.runtime.swiftQuartzCore' '<DVTFilePath:0x7f903b58fc80:'/Users/comviva/Library/Developer/Xcode/Archives/2019-09-06/QRScan 06-09-19, 2.07 PM.xcarchive/Products/Applications/QRScan.app/Frameworks/libswiftQuartzCore.dylib'>'>: {
}
2019-09-06 08:37:32 +0000  Writing entitlements for <IDEDistributionItem: 0x7f903e67fcd0 'com.apple.dt.runtime.swiftQuartzCore' '<DVTFilePath:0x7f903b58fc80:'/Users/comviva/Library/Developer/Xcode/Archives/2019-09-06/QRScan 06-09-19, 2.07 PM.xcarchive/Products/Applications/QRScan.app/Frameworks/libswiftQuartzCore.dylib'>'> to: /var/folders/mr/k3vqt33j08g3tj6ns0382c540000gn/T/XcodeDistPipeline.Ign/entitlements59OIsI
2019-09-06 08:37:32 +0000  Running /usr/bin/codesign '-vvv' '--force' '--sign' '97143B6C50A239DB0A4E7192297A3F28E5229044' '--entitlements' '/var/folders/mr/k3vqt33j08g3tj6ns0382c540000gn/T/XcodeDistPipeline.Ign/entitlements59OIsI' '--preserve-metadata=identifier,flags,runtime' '/var/folders/mr/k3vqt33j08g3tj6ns0382c540000gn/T/XcodeDistPipeline.Ign/Root/Payload/QRScan.app/Frameworks/libswiftQuartzCore.dylib'
2019-09-06 08:37:32 +0000  /var/folders/mr/k3vqt33j08g3tj6ns0382c540000gn/T/XcodeDistPipeline.Ign/Root/Payload/QRScan.app/Frameworks/libswiftQuartzCore.dylib: signed Mach-O universal (armv7 armv7s arm64) [com.apple.dt.runtime.swiftQuartzCore]
2019-09-06 08:37:32 +0000  /usr/bin/codesign exited with 0
2019-09-06 08:37:32 +0000  Entitlements for <IDEDistributionItem: 0x7f903bce61c0 'com.apple.dt.runtime.swiftUIKit' '<DVTFilePath:0x7f903a2ee0c0:'/Users/comviva/Library/Developer/Xcode/Archives/2019-09-06/QRScan 06-09-19, 2.07 PM.xcarchive/Products/Applications/QRScan.app/Frameworks/libswiftUIKit.dylib'>'>: {
}
2019-09-06 08:37:32 +0000  Writing entitlements for <IDEDistributionItem: 0x7f903bce61c0 'com.apple.dt.runtime.swiftUIKit' '<DVTFilePath:0x7f903a2ee0c0:'/Users/comviva/Library/Developer/Xcode/Archives/2019-09-06/QRScan 06-09-19, 2.07 PM.xcarchive/Products/Applications/QRScan.app/Frameworks/libswiftUIKit.dylib'>'> to: /var/folders/mr/k3vqt33j08g3tj6ns0382c540000gn/T/XcodeDistPipeline.Ign/entitlementsjfQHES
2019-09-06 08:37:32 +0000  Running /usr/bin/codesign '-vvv' '--force' '--sign' '97143B6C50A239DB0A4E7192297A3F28E5229044' '--entitlements' '/var/folders/mr/k3vqt33j08g3tj6ns0382c540000gn/T/XcodeDistPipeline.Ign/entitlementsjfQHES' '--preserve-metadata=identifier,flags,runtime' '/var/folders/mr/k3vqt33j08g3tj6ns0382c540000gn/T/XcodeDistPipeline.Ign/Root/Payload/QRScan.app/Frameworks/libswiftUIKit.dylib'
2019-09-06 08:37:32 +0000  /var/folders/mr/k3vqt33j08g3tj6ns0382c540000gn/T/XcodeDistPipeline.Ign/Root/Payload/QRScan.app/Frameworks/libswiftUIKit.dylib: signed Mach-O universal (armv7 armv7s arm64) [com.apple.dt.runtime.swiftUIKit]
2019-09-06 08:37:32 +0000  /usr/bin/codesign exited with 0
2019-09-06 08:37:32 +0000  Entitlements for <IDEDistributionItem: 0x7f903ea2a8d0 'com.apple.dt.runtime.swiftos' '<DVTFilePath:0x7f903a2e6150:'/Users/comviva/Library/Developer/Xcode/Archives/2019-09-06/QRScan 06-09-19, 2.07 PM.xcarchive/Products/Applications/QRScan.app/Frameworks/libswiftos.dylib'>'>: {
}
2019-09-06 08:37:32 +0000  Writing entitlements for <IDEDistributionItem: 0x7f903ea2a8d0 'com.apple.dt.runtime.swiftos' '<DVTFilePath:0x7f903a2e6150:'/Users/comviva/Library/Developer/Xcode/Archives/2019-09-06/QRScan 06-09-19, 2.07 PM.xcarchive/Products/Applications/QRScan.app/Frameworks/libswiftos.dylib'>'> to: /var/folders/mr/k3vqt33j08g3tj6ns0382c540000gn/T/XcodeDistPipeline.Ign/entitlementshUPckT
2019-09-06 08:37:32 +0000  Running /usr/bin/codesign '-vvv' '--force' '--sign' '97143B6C50A239DB0A4E7192297A3F28E5229044' '--entitlements' '/var/folders/mr/k3vqt33j08g3tj6ns0382c540000gn/T/XcodeDistPipeline.Ign/entitlementshUPckT' '--preserve-metadata=identifier,flags,runtime' '/var/folders/mr/k3vqt33j08g3tj6ns0382c540000gn/T/XcodeDistPipeline.Ign/Root/Payload/QRScan.app/Frameworks/libswiftos.dylib'
2019-09-06 08:37:32 +0000  /var/folders/mr/k3vqt33j08g3tj6ns0382c540000gn/T/XcodeDistPipeline.Ign/Root/Payload/QRScan.app/Frameworks/libswiftos.dylib: signed Mach-O universal (armv7 armv7s arm64) [com.apple.dt.runtime.swiftos]
2019-09-06 08:37:32 +0000  /usr/bin/codesign exited with 0
2019-09-06 08:37:32 +0000  Entitlements for <IDEDistributionItem: 0x7f9054ff55c0 'com.apple.dt.runtime.swiftsimd' '<DVTFilePath:0x7f9047d6c250:'/Users/comviva/Library/Developer/Xcode/Archives/2019-09-06/QRScan 06-09-19, 2.07 PM.xcarchive/Products/Applications/QRScan.app/Frameworks/libswiftsimd.dylib'>'>: {
}
2019-09-06 08:37:32 +0000  Writing entitlements for <IDEDistributionItem: 0x7f9054ff55c0 'com.apple.dt.runtime.swiftsimd' '<DVTFilePath:0x7f9047d6c250:'/Users/comviva/Library/Developer/Xcode/Archives/2019-09-06/QRScan 06-09-19, 2.07 PM.xcarchive/Products/Applications/QRScan.app/Frameworks/libswiftsimd.dylib'>'> to: /var/folders/mr/k3vqt33j08g3tj6ns0382c540000gn/T/XcodeDistPipeline.Ign/entitlementskmYBrl
2019-09-06 08:37:32 +0000  Running /usr/bin/codesign '-vvv' '--force' '--sign' '97143B6C50A239DB0A4E7192297A3F28E5229044' '--entitlements' '/var/folders/mr/k3vqt33j08g3tj6ns0382c540000gn/T/XcodeDistPipeline.Ign/entitlementskmYBrl' '--preserve-metadata=identifier,flags,runtime' '/var/folders/mr/k3vqt33j08g3tj6ns0382c540000gn/T/XcodeDistPipeline.Ign/Root/Payload/QRScan.app/Frameworks/libswiftsimd.dylib'
2019-09-06 08:37:33 +0000  /var/folders/mr/k3vqt33j08g3tj6ns0382c540000gn/T/XcodeDistPipeline.Ign/Root/Payload/QRScan.app/Frameworks/libswiftsimd.dylib: signed Mach-O universal (armv7 armv7s arm64) [com.apple.dt.runtime.swiftsimd]
2019-09-06 08:37:33 +0000  /usr/bin/codesign exited with 0
2019-09-06 08:37:33 +0000  Entitlements for <IDEDistributionItem: 0x7f9048825ee0 'com.comviva.mfswalletenterprise' '<DVTFilePath:0x7f9054fcc540:'/Users/comviva/Library/Developer/Xcode/Archives/2019-09-06/QRScan 06-09-19, 2.07 PM.xcarchive/Products/Applications/QRScan.app'>'>: {
    "application-identifier" = "C9B53S5RY8.com.comviva.mfswalletenterprise";
    "com.apple.developer.team-identifier" = C9B53S5RY8;
    "get-task-allow" = 0;
    "keychain-access-groups" =     (
        "C9B53S5RY8.com.comviva.mfswalletenterprise"
    );
}
2019-09-06 08:37:33 +0000  Writing entitlements for <IDEDistributionItem: 0x7f9048825ee0 'com.comviva.mfswalletenterprise' '<DVTFilePath:0x7f9054fcc540:'/Users/comviva/Library/Developer/Xcode/Archives/2019-09-06/QRScan 06-09-19, 2.07 PM.xcarchive/Products/Applications/QRScan.app'>'> to: /var/folders/mr/k3vqt33j08g3tj6ns0382c540000gn/T/XcodeDistPipeline.Ign/entitlements2bXuTU
2019-09-06 08:37:33 +0000  Running /usr/bin/codesign '-vvv' '--force' '--sign' '97143B6C50A239DB0A4E7192297A3F28E5229044' '--entitlements' '/var/folders/mr/k3vqt33j08g3tj6ns0382c540000gn/T/XcodeDistPipeline.Ign/entitlements2bXuTU' '--preserve-metadata=identifier,flags,runtime' '/var/folders/mr/k3vqt33j08g3tj6ns0382c540000gn/T/XcodeDistPipeline.Ign/Root/Payload/QRScan.app'
2019-09-06 08:37:33 +0000  /var/folders/mr/k3vqt33j08g3tj6ns0382c540000gn/T/XcodeDistPipeline.Ign/Root/Payload/QRScan.app: signed app bundle with Mach-O universal (armv7 arm64) [com.comviva.mfswalletenterprise]
2019-09-06 08:37:33 +0000  /usr/bin/codesign exited with 0
2019-09-06 08:37:33 +0000  Processing step: IDEDistributionZipODRItemStep
2019-09-06 08:37:33 +0000  Skipping step: IDEDistributionZipODRItemStep because it said so
2019-09-06 08:37:33 +0000  Skipping step: IDEDistributionZipODRItemStep because it said so
2019-09-06 08:37:33 +0000  Skipping step: IDEDistributionZipODRItemStep because it said so
2019-09-06 08:37:33 +0000  Skipping step: IDEDistributionZipODRItemStep because it said so
2019-09-06 08:37:33 +0000  Skipping step: IDEDistributionZipODRItemStep because it said so
2019-09-06 08:37:33 +0000  Skipping step: IDEDistributionZipODRItemStep because it said so
2019-09-06 08:37:33 +0000  Skipping step: IDEDistributionZipODRItemStep because it said so
2019-09-06 08:37:33 +0000  Skipping step: IDEDistributionZipODRItemStep because it said so
2019-09-06 08:37:33 +0000  Skipping step: IDEDistributionZipODRItemStep because it said so
2019-09-06 08:37:33 +0000  Skipping step: IDEDistributionZipODRItemStep because it said so
2019-09-06 08:37:33 +0000  Skipping step: IDEDistributionZipODRItemStep because it said so
2019-09-06 08:37:33 +0000  Skipping step: IDEDistributionZipODRItemStep because it said so
2019-09-06 08:37:33 +0000  Skipping step: IDEDistributionZipODRItemStep because it said so
2019-09-06 08:37:33 +0000  Skipping step: IDEDistributionZipODRItemStep because it said so
2019-09-06 08:37:33 +0000  Skipping step: IDEDistributionZipODRItemStep because it said so
2019-09-06 08:37:33 +0000  Skipping step: IDEDistributionZipODRItemStep because it said so
2019-09-06 08:37:33 +0000  Skipping step: IDEDistributionZipODRItemStep because it said so
2019-09-06 08:37:33 +0000  Processing step: IDEDistributionCreateIPAStep
2019-09-06 08:37:33 +0000  Running /usr/bin/ditto '-V' '-c' '-k' '--norsrc' '/var/folders/mr/k3vqt33j08g3tj6ns0382c540000gn/T/XcodeDistPipeline.Ign/Root' '/var/folders/mr/k3vqt33j08g3tj6ns0382c540000gn/T/XcodeDistPipeline.Ign/Packages/QRScan.ipa'
2019-09-06 08:37:33 +0000  >>> Copying /var/folders/mr/k3vqt33j08g3tj6ns0382c540000gn/T/XcodeDistPipeline.Ign/Root 
2019-09-06 08:37:33 +0000  copying file ./Payload/QRScan.app/_CodeSignature/CodeResources ... 
2019-09-06 08:37:33 +0000  10245 bytes for ./Payload/QRScan.app/_CodeSignature/CodeResources
2019-09-06 08:37:33 +0000  copying file ./Payload/QRScan.app/OTPViewController.nib/objects-11.0+.nib ... 
2019-09-06 08:37:33 +0000  3052 bytes for ./Payload/QRScan.app/OTPViewController.nib/objects-11.0+.nib
copying file ./Payload/QRScan.app/OTPViewController.nib/runtime.nib ... 
2019-09-06 08:37:33 +0000  2381 bytes for ./Payload/QRScan.app/OTPViewController.nib/runtime.nib
2019-09-06 08:37:33 +0000  copying file ./Payload/QRScan.app/Base.lproj/Main.storyboardc/UIViewController-BYZ-38-t0r.nib ... 
977 bytes for ./Payload/QRScan.app/Base.lproj/Main.storyboardc/UIViewController-BYZ-38-t0r.nib
copying file ./Payload/QRScan.app/Base.lproj/Main.storyboardc/BYZ-38-t0r-view-8bC-Xf-vdC.nib ... 
2019-09-06 08:37:33 +0000  5313 bytes for ./Payload/QRScan.app/Base.lproj/Main.storyboardc/BYZ-38-t0r-view-8bC-Xf-vdC.nib
copying file ./Payload/QRScan.app/Base.lproj/Main.storyboardc/Info.plist ... 
2019-09-06 08:37:33 +0000  258 bytes for ./Payload/QRScan.app/Base.lproj/Main.storyboardc/Info.plist
copying file ./Payload/QRScan.app/Base.lproj/LaunchScreen.storyboardc/01J-lp-oVM-view-Ze5-6b-2t3.nib ... 
2019-09-06 08:37:33 +0000  3423 bytes for ./Payload/QRScan.app/Base.lproj/LaunchScreen.storyboardc/01J-lp-oVM-view-Ze5-6b-2t3.nib
copying file ./Payload/QRScan.app/Base.lproj/LaunchScreen.storyboardc/UIViewController-01J-lp-oVM.nib ... 
2019-09-06 08:37:33 +0000  832 bytes for ./Payload/QRScan.app/Base.lproj/LaunchScreen.storyboardc/UIViewController-01J-lp-oVM.nib
copying file ./Payload/QRScan.app/Base.lproj/LaunchScreen.storyboardc/Info.plist ... 
258 bytes for ./Payload/QRScan.app/Base.lproj/LaunchScreen.storyboardc/Info.plist
2019-09-06 08:37:33 +0000  copying file ./Payload/QRScan.app/QRScan ... 
2019-09-06 08:37:33 +0000  235680 bytes for ./Payload/QRScan.app/QRScan
2019-09-06 08:37:33 +0000  copying file ./Payload/QRScan.app/Frameworks/libswiftCoreImage.dylib ... 
2019-09-06 08:37:33 +0000  251072 bytes for ./Payload/QRScan.app/Frameworks/libswiftCoreImage.dylib
copying file ./Payload/QRScan.app/Frameworks/libswiftObjectiveC.dylib ... 
2019-09-06 08:37:33 +0000  299616 bytes for ./Payload/QRScan.app/Frameworks/libswiftObjectiveC.dylib
copying file ./Payload/QRScan.app/Frameworks/libswiftCore.dylib ... 
2019-09-06 08:37:34 +0000  16705936 bytes for ./Payload/QRScan.app/Frameworks/libswiftCore.dylib
copying file ./Payload/QRScan.app/Frameworks/libswiftCoreGraphics.dylib ... 
2019-09-06 08:37:34 +0000  651808 bytes for ./Payload/QRScan.app/Frameworks/libswiftCoreGraphics.dylib
copying file ./Payload/QRScan.app/Frameworks/libswiftUIKit.dylib ... 
2019-09-06 08:37:34 +0000  527104 bytes for ./Payload/QRScan.app/Frameworks/libswiftUIKit.dylib
2019-09-06 08:37:34 +0000  copying file ./Payload/QRScan.app/Frameworks/libswiftMetal.dylib ... 
2019-09-06 08:37:34 +0000  295712 bytes for ./Payload/QRScan.app/Frameworks/libswiftMetal.dylib
copying file ./Payload/QRScan.app/Frameworks/libswiftDispatch.dylib ... 
2019-09-06 08:37:34 +0000  1059216 bytes for ./Payload/QRScan.app/Frameworks/libswiftDispatch.dylib
copying file ./Payload/QRScan.app/Frameworks/libswiftos.dylib ... 
2019-09-06 08:37:34 +0000  299936 bytes for ./Payload/QRScan.app/Frameworks/libswiftos.dylib
copying file ./Payload/QRScan.app/Frameworks/libswiftCoreFoundation.dylib ... 
2019-09-06 08:37:34 +0000  250768 bytes for ./Payload/QRScan.app/Frameworks/libswiftCoreFoundation.dylib
copying file ./Payload/QRScan.app/Frameworks/libswiftDarwin.dylib ... 
2019-09-06 08:37:34 +0000  402976 bytes for ./Payload/QRScan.app/Frameworks/libswiftDarwin.dylib
copying file ./Payload/QRScan.app/Frameworks/libswiftQuartzCore.dylib ... 
2019-09-06 08:37:34 +0000  255104 bytes for ./Payload/QRScan.app/Frameworks/libswiftQuartzCore.dylib
copying file ./Payload/QRScan.app/Frameworks/libswiftCoreAudio.dylib ... 
2019-09-06 08:37:34 +0000  348640 bytes for ./Payload/QRScan.app/Frameworks/libswiftCoreAudio.dylib
copying file ./Payload/QRScan.app/Frameworks/libswiftAVFoundation.dylib ... 
2019-09-06 08:37:34 +0000  525872 bytes for ./Payload/QRScan.app/Frameworks/libswiftAVFoundation.dylib
copying file ./Payload/QRScan.app/Frameworks/libswiftFoundation.dylib ... 
2019-09-06 08:37:34 +0000  8352704 bytes for ./Payload/QRScan.app/Frameworks/libswiftFoundation.dylib
copying file ./Payload/QRScan.app/Frameworks/libswiftCoreMedia.dylib ... 
2019-09-06 08:37:34 +0000  299936 bytes for ./Payload/QRScan.app/Frameworks/libswiftCoreMedia.dylib
copying file ./Payload/QRScan.app/Frameworks/libswiftsimd.dylib ... 
2019-09-06 08:37:34 +0000  1802624 bytes for ./Payload/QRScan.app/Frameworks/libswiftsimd.dylib
copying file ./Payload/QRScan.app/embedded.mobileprovision ... 
2019-09-06 08:37:34 +0000  7898 bytes for ./Payload/QRScan.app/embedded.mobileprovision
copying file ./Payload/QRScan.app/Info.plist ... 
2019-09-06 08:37:34 +0000  1417 bytes for ./Payload/QRScan.app/Info.plist
copying file ./Payload/QRScan.app/PkgInfo ... 
2019-09-06 08:37:34 +0000  8 bytes for ./Payload/QRScan.app/PkgInfo
2019-09-06 08:37:34 +0000  /usr/bin/ditto exited with 0
2019-09-06 08:37:34 +0000  Processing step: IDEDistributionAppStoreInformationStep
2019-09-06 08:37:34 +0000  Skipping step: IDEDistributionAppStoreInformationStep because it said so
2019-09-06 08:37:34 +0000  Processing step: IDEDistributionCreateManifestStep
